{"C:\\Users\\Rahim\\OneDrive\\Desktop\\Track me 1\\track_me_backend\\src\\app.controller.ts": {"path":"C:\\Users\\Rahim\\OneDrive\\Desktop\\Track me 1\\track_me_backend\\src\\app.controller.ts","statementMap":{"0":{"start":{"line":1,"column":0},"end":{"line":1,"column":49}},"1":{"start":{"line":2,"column":0},"end":{"line":2,"column":43}},"2":{"start":{"line":5,"column":7},"end":{"line":12,"column":null}},"3":{"start":{"line":6,"column":31},"end":{"line":6,"column":43}},"4":{"start":{"line":10,"column":4},"end":{"line":10,"column":38}},"5":{"start":{"line":5,"column":13},"end":{"line":5,"column":26}},"6":{"start":{"line":9,"column":2},"end":{"line":11,"column":null}},"7":{"start":{"line":5,"column":13},"end":{"line":12,"column":null}}},"fnMap":{"0":{"name":"(anonymous_2)","decl":{"start":{"line":6,"column":2},"end":{"line":6,"column":31}},"loc":{"start":{"line":6,"column":53},"end":{"line":6,"column":57}}},"1":{"name":"(anonymous_3)","decl":{"start":{"line":9,"column":2},"end":{"line":9,"column":10}},"loc":{"start":{"line":9,"column":10},"end":{"line":11,"column":3}}}},"branchMap":{"0":{"loc":{"start":{"line":6,"column":43},"end":{"line":6,"column":56}},"type":"cond-expr","locations":[{"start":{"line":6,"column":53},"end":{"line":6,"column":56}},{"start":{"line":6,"column":53},"end":{"line":6,"column":56}}]},"1":{"loc":{"start":{"line":6,"column":43},"end":{"line":6,"column":53}},"type":"binary-expr","locations":[{"start":{"line":6,"column":43},"end":{"line":6,"column":56}},{"start":{"line":6,"column":43},"end":{"line":6,"column":53}}]}},"s":{"0":1,"1":1,"2":1,"3":1,"4":1,"5":1,"6":1,"7":1},"f":{"0":1,"1":1},"b":{"0":[1,0],"1":[1,1]}}
,"C:\\Users\\Rahim\\OneDrive\\Desktop\\Track me 1\\track_me_backend\\src\\app.module.ts": {"path":"C:\\Users\\Rahim\\OneDrive\\Desktop\\Track me 1\\track_me_backend\\src\\app.module.ts","statementMap":{"0":{"start":{"line":1,"column":0},"end":{"line":1,"column":40}},"1":{"start":{"line":2,"column":0},"end":{"line":2,"column":46}},"2":{"start":{"line":3,"column":0},"end":{"line":3,"column":52}},"3":{"start":{"line":4,"column":0},"end":{"line":4,"column":48}},"4":{"start":{"line":5,"column":0},"end":{"line":5,"column":51}},"5":{"start":{"line":6,"column":0},"end":{"line":6,"column":54}},"6":{"start":{"line":7,"column":0},"end":{"line":7,"column":65}},"7":{"start":{"line":8,"column":0},"end":{"line":8,"column":51}},"8":{"start":{"line":9,"column":0},"end":{"line":9,"column":42}},"9":{"start":{"line":10,"column":0},"end":{"line":10,"column":75}},"10":{"start":{"line":11,"column":0},"end":{"line":11,"column":54}},"11":{"start":{"line":12,"column":0},"end":{"line":12,"column":77}},"12":{"start":{"line":13,"column":0},"end":{"line":13,"column":60}},"13":{"start":{"line":46,"column":7},"end":{"line":46,"column":null}},"14":{"start":{"line":46,"column":13},"end":{"line":46,"column":22}},"15":{"start":{"line":46,"column":13},"end":{"line":46,"column":null}}},"fnMap":{},"branchMap":{},"s":{"0":0,"1":0,"2":0,"3":0,"4":0,"5":0,"6":0,"7":0,"8":0,"9":0,"10":0,"11":0,"12":0,"13":0,"14":0,"15":0},"f":{},"b":{}}
,"C:\\Users\\Rahim\\OneDrive\\Desktop\\Track me 1\\track_me_backend\\src\\app.service.ts": {"path":"C:\\Users\\Rahim\\OneDrive\\Desktop\\Track me 1\\track_me_backend\\src\\app.service.ts","statementMap":{"0":{"start":{"line":1,"column":0},"end":{"line":1,"column":44}},"1":{"start":{"line":4,"column":7},"end":{"line":8,"column":null}},"2":{"start":{"line":6,"column":4},"end":{"line":6,"column":26}},"3":{"start":{"line":4,"column":13},"end":{"line":4,"column":23}},"4":{"start":{"line":4,"column":13},"end":{"line":8,"column":null}}},"fnMap":{"0":{"name":"(anonymous_1)","decl":{"start":{"line":5,"column":2},"end":{"line":5,"column":10}},"loc":{"start":{"line":5,"column":10},"end":{"line":7,"column":3}}}},"branchMap":{},"s":{"0":1,"1":1,"2":1,"3":1,"4":1},"f":{"0":1},"b":{}}
,"C:\\Users\\Rahim\\OneDrive\\Desktop\\Track me 1\\track_me_backend\\src\\main.ts": {"path":"C:\\Users\\Rahim\\OneDrive\\Desktop\\Track me 1\\track_me_backend\\src\\main.ts","statementMap":{"0":{"start":{"line":1,"column":0},"end":{"line":1,"column":43}},"1":{"start":{"line":2,"column":0},"end":{"line":2,"column":48}},"2":{"start":{"line":3,"column":0},"end":{"line":3,"column":65}},"3":{"start":{"line":4,"column":0},"end":{"line":4,"column":41}},"4":{"start":{"line":5,"column":0},"end":{"line":5,"column":81}},"5":{"start":{"line":6,"column":0},"end":{"line":6,"column":77}},"6":{"start":{"line":9,"column":14},"end":{"line":9,"column":49}},"7":{"start":{"line":12,"column":2},"end":{"line":12,"column":29}},"8":{"start":{"line":15,"column":2},"end":{"line":18,"column":5}},"9":{"start":{"line":21,"column":2},"end":{"line":28,"column":4}},"10":{"start":{"line":31,"column":2},"end":{"line":31,"column":55}},"11":{"start":{"line":34,"column":2},"end":{"line":34,"column":50}},"12":{"start":{"line":37,"column":17},"end":{"line":52,"column":12}},"13":{"start":{"line":54,"column":19},"end":{"line":54,"column":60}},"14":{"start":{"line":55,"column":2},"end":{"line":59,"column":5}},"15":{"start":{"line":61,"column":15},"end":{"line":61,"column":39}},"16":{"start":{"line":62,"column":2},"end":{"line":62,"column":25}},"17":{"start":{"line":64,"column":2},"end":{"line":64,"column":74}},"18":{"start":{"line":65,"column":2},"end":{"line":65,"column":68}},"19":{"start":{"line":68,"column":0},"end":{"line":68,"column":12}}},"fnMap":{"0":{"name":"bootstrap","decl":{"start":{"line":8,"column":15},"end":{"line":8,"column":24}},"loc":{"start":{"line":8,"column":24},"end":{"line":66,"column":1}}}},"branchMap":{"0":{"loc":{"start":{"line":61,"column":15},"end":{"line":61,"column":39}},"type":"binary-expr","locations":[{"start":{"line":61,"column":15},"end":{"line":61,"column":31}},{"start":{"line":61,"column":35},"end":{"line":61,"column":39}}]}},"s":{"0":0,"1":0,"2":0,"3":0,"4":0,"5":0,"6":0,"7":0,"8":0,"9":0,"10":0,"11":0,"12":0,"13":0,"14":0,"15":0,"16":0,"17":0,"18":0,"19":0},"f":{"0":0},"b":{"0":[0,0]}}
,"C:\\Users\\Rahim\\OneDrive\\Desktop\\Track me 1\\track_me_backend\\src\\ai\\ai.controller.ts": {"path":"C:\\Users\\Rahim\\OneDrive\\Desktop\\Track me 1\\track_me_backend\\src\\ai\\ai.controller.ts","statementMap":{"0":{"start":{"line":1,"column":0},"end":{"line":1,"column":75}},"1":{"start":{"line":2,"column":0},"end":{"line":2,"column":71}},"2":{"start":{"line":3,"column":0},"end":{"line":3,"column":41}},"3":{"start":{"line":4,"column":0},"end":{"line":4,"column":61}},"4":{"start":{"line":10,"column":7},"end":{"line":24,"column":null}},"5":{"start":{"line":11,"column":31},"end":{"line":11,"column":42}},"6":{"start":{"line":16,"column":4},"end":{"line":16,"column":51}},"7":{"start":{"line":22,"column":4},"end":{"line":22,"column":60}},"8":{"start":{"line":10,"column":13},"end":{"line":10,"column":25}},"9":{"start":{"line":15,"column":2},"end":{"line":17,"column":null}},"10":{"start":{"line":21,"column":2},"end":{"line":23,"column":null}},"11":{"start":{"line":10,"column":13},"end":{"line":24,"column":null}}},"fnMap":{"0":{"name":"(anonymous_4)","decl":{"start":{"line":11,"column":2},"end":{"line":11,"column":31}},"loc":{"start":{"line":11,"column":51},"end":{"line":11,"column":55}}},"1":{"name":"(anonymous_5)","decl":{"start":{"line":15,"column":2},"end":{"line":15,"column":13}},"loc":{"start":{"line":15,"column":33},"end":{"line":17,"column":3}}},"2":{"name":"(anonymous_6)","decl":{"start":{"line":21,"column":2},"end":{"line":21,"column":22}},"loc":{"start":{"line":21,"column":42},"end":{"line":23,"column":3}}}},"branchMap":{"0":{"loc":{"start":{"line":11,"column":42},"end":{"line":11,"column":54}},"type":"cond-expr","locations":[{"start":{"line":11,"column":51},"end":{"line":11,"column":54}},{"start":{"line":11,"column":51},"end":{"line":11,"column":54}}]},"1":{"loc":{"start":{"line":11,"column":42},"end":{"line":11,"column":51}},"type":"binary-expr","locations":[{"start":{"line":11,"column":42},"end":{"line":11,"column":54}},{"start":{"line":11,"column":42},"end":{"line":11,"column":51}}]}},"s":{"0":0,"1":0,"2":0,"3":0,"4":0,"5":0,"6":0,"7":0,"8":0,"9":0,"10":0,"11":0},"f":{"0":0,"1":0,"2":0},"b":{"0":[0,0],"1":[0,0]}}
,"C:\\Users\\Rahim\\OneDrive\\Desktop\\Track me 1\\track_me_backend\\src\\ai\\ai.module.ts": {"path":"C:\\Users\\Rahim\\OneDrive\\Desktop\\Track me 1\\track_me_backend\\src\\ai\\ai.module.ts","statementMap":{"0":{"start":{"line":1,"column":0},"end":{"line":1,"column":40}},"1":{"start":{"line":2,"column":0},"end":{"line":2,"column":47}},"2":{"start":{"line":3,"column":0},"end":{"line":3,"column":41}},"3":{"start":{"line":9,"column":7},"end":{"line":9,"column":null}},"4":{"start":{"line":9,"column":13},"end":{"line":9,"column":21}},"5":{"start":{"line":9,"column":13},"end":{"line":9,"column":null}}},"fnMap":{},"branchMap":{},"s":{"0":0,"1":0,"2":0,"3":0,"4":0,"5":0},"f":{},"b":{}}
,"C:\\Users\\Rahim\\OneDrive\\Desktop\\Track me 1\\track_me_backend\\src\\ai\\ai.service.ts": {"path":"C:\\Users\\Rahim\\OneDrive\\Desktop\\Track me 1\\track_me_backend\\src\\ai\\ai.service.ts","statementMap":{"0":{"start":{"line":1,"column":0},"end":{"line":1,"column":44}},"1":{"start":{"line":2,"column":0},"end":{"line":2,"column":47}},"2":{"start":{"line":3,"column":0},"end":{"line":3,"column":57}},"3":{"start":{"line":6,"column":7},"end":{"line":189,"column":null}},"4":{"start":{"line":10,"column":21},"end":{"line":10,"column":29}},"5":{"start":{"line":11,"column":21},"end":{"line":11,"column":29}},"6":{"start":{"line":13,"column":4},"end":{"line":13,"column":59}},"7":{"start":{"line":17,"column":32},"end":{"line":23,"column":6}},"8":{"start":{"line":26,"column":4},"end":{"line":32,"column":5}},"9":{"start":{"line":27,"column":6},"end":{"line":31,"column":7}},"10":{"start":{"line":28,"column":8},"end":{"line":28,"column":59}},"11":{"start":{"line":30,"column":8},"end":{"line":30,"column":62}},"12":{"start":{"line":35,"column":4},"end":{"line":35,"column":53}},"13":{"start":{"line":39,"column":23},"end":{"line":39,"column":55}},"14":{"start":{"line":40,"column":19},"end":{"line":40,"column":59}},"15":{"start":{"line":43,"column":22},"end":{"line":43,"column":41}},"16":{"start":{"line":44,"column":20},"end":{"line":44,"column":37}},"17":{"start":{"line":46,"column":4},"end":{"line":69,"column":7}},"18":{"start":{"line":71,"column":4},"end":{"line":71,"column":18}},"19":{"start":{"line":75,"column":19},"end":{"line":99,"column":2}},"20":{"start":{"line":101,"column":21},"end":{"line":113,"column":null}},"21":{"start":{"line":116,"column":17},"end":{"line":116,"column":45}},"22":{"start":{"line":117,"column":17},"end":{"line":117,"column":72}},"23":{"start":{"line":120,"column":22},"end":{"line":120,"column":47}},"24":{"start":{"line":121,"column":4},"end":{"line":121,"column":46}},"25":{"start":{"line":125,"column":27},"end":{"line":125,"column":58}},"26":{"start":{"line":126,"column":18},"end":{"line":126,"column":71}},"27":{"start":{"line":128,"column":4},"end":{"line":147,"column":6}},"28":{"start":{"line":151,"column":22},"end":{"line":151,"column":41}},"29":{"start":{"line":152,"column":20},"end":{"line":152,"column":37}},"30":{"start":{"line":154,"column":54},"end":{"line":162,"column":6}},"31":{"start":{"line":164,"column":32},"end":{"line":164,"column":47}},"32":{"start":{"line":165,"column":27},"end":{"line":167,"column":9}},"33":{"start":{"line":169,"column":4},"end":{"line":174,"column":6}},"34":{"start":{"line":178,"column":14},"end":{"line":178,"column":24}},"35":{"start":{"line":179,"column":16},"end":{"line":179,"column":26}},"36":{"start":{"line":180,"column":17},"end":{"line":180,"column":57}},"37":{"start":{"line":181,"column":4},"end":{"line":181,"column":37}},"38":{"start":{"line":185,"column":18},"end":{"line":185,"column":37}},"39":{"start":{"line":186,"column":4},"end":{"line":186,"column":39}},"40":{"start":{"line":187,"column":4},"end":{"line":187,"column":17}},"41":{"start":{"line":6,"column":13},"end":{"line":6,"column":22}},"42":{"start":{"line":6,"column":13},"end":{"line":189,"column":null}}},"fnMap":{"0":{"name":"(anonymous_2)","decl":{"start":{"line":9,"column":2},"end":{"line":9,"column":null}},"loc":{"start":{"line":11,"column":42},"end":{"line":14,"column":3}}},"1":{"name":"(anonymous_3)","decl":{"start":{"line":16,"column":2},"end":{"line":16,"column":7}},"loc":{"start":{"line":16,"column":34},"end":{"line":36,"column":3}}},"2":{"name":"(anonymous_4)","decl":{"start":{"line":38,"column":2},"end":{"line":38,"column":7}},"loc":{"start":{"line":38,"column":43},"end":{"line":72,"column":3}}},"3":{"name":"(anonymous_5)","decl":{"start":{"line":74,"column":10},"end":{"line":74,"column":15}},"loc":{"start":{"line":74,"column":59},"end":{"line":122,"column":3}}},"4":{"name":"(anonymous_6)","decl":{"start":{"line":124,"column":10},"end":{"line":124,"column":34}},"loc":{"start":{"line":124,"column":50},"end":{"line":148,"column":3}}},"5":{"name":"(anonymous_7)","decl":{"start":{"line":150,"column":10},"end":{"line":150,"column":15}},"loc":{"start":{"line":150,"column":44},"end":{"line":175,"column":3}}},"6":{"name":"(anonymous_8)","decl":{"start":{"line":177,"column":10},"end":{"line":177,"column":22}},"loc":{"start":{"line":177,"column":22},"end":{"line":182,"column":3}}},"7":{"name":"(anonymous_9)","decl":{"start":{"line":184,"column":10},"end":{"line":184,"column":20}},"loc":{"start":{"line":184,"column":20},"end":{"line":188,"column":3}}}},"branchMap":{"0":{"loc":{"start":{"line":26,"column":4},"end":{"line":32,"column":5}},"type":"if","locations":[{"start":{"line":26,"column":4},"end":{"line":32,"column":5}},{"start":{},"end":{}}]},"1":{"loc":{"start":{"line":117,"column":17},"end":{"line":117,"column":72}},"type":"binary-expr","locations":[{"start":{"line":117,"column":17},"end":{"line":117,"column":64}},{"start":{"line":117,"column":68},"end":{"line":117,"column":72}}]},"2":{"loc":{"start":{"line":121,"column":22},"end":{"line":121,"column":44}},"type":"binary-expr","locations":[{"start":{"line":121,"column":22},"end":{"line":121,"column":36}},{"start":{"line":121,"column":40},"end":{"line":121,"column":44}}]},"3":{"loc":{"start":{"line":125,"column":27},"end":{"line":125,"column":58}},"type":"binary-expr","locations":[{"start":{"line":125,"column":27},"end":{"line":125,"column":52}},{"start":{"line":125,"column":56},"end":{"line":125,"column":58}}]},"4":{"loc":{"start":{"line":165,"column":27},"end":{"line":167,"column":9}},"type":"cond-expr","locations":[{"start":{"line":166,"column":8},"end":{"line":166,"column":63}},{"start":{"line":167,"column":8},"end":{"line":167,"column":9}}]},"5":{"loc":{"start":{"line":180,"column":38},"end":{"line":180,"column":56}},"type":"cond-expr","locations":[{"start":{"line":180,"column":50},"end":{"line":180,"column":52}},{"start":{"line":180,"column":55},"end":{"line":180,"column":56}}]},"6":{"loc":{"start":{"line":10,"column":29},"end":{"line":10,"column":null}},"type":"cond-expr","locations":[{"start":{"line":10,"column":42},"end":{"line":10,"column":null}},{"start":{"line":10,"column":42},"end":{"line":10,"column":null}}]},"7":{"loc":{"start":{"line":10,"column":29},"end":{"line":10,"column":42}},"type":"binary-expr","locations":[{"start":{"line":10,"column":29},"end":{"line":10,"column":null}},{"start":{"line":10,"column":29},"end":{"line":10,"column":42}}]},"8":{"loc":{"start":{"line":10,"column":42},"end":{"line":11,"column":null}},"type":"cond-expr","locations":[{"start":{"line":11,"column":42},"end":{"line":11,"column":null}},{"start":{"line":11,"column":42},"end":{"line":11,"column":null}}]},"9":{"loc":{"start":{"line":10,"column":42},"end":{"line":11,"column":42}},"type":"binary-expr","locations":[{"start":{"line":10,"column":42},"end":{"line":11,"column":null}},{"start":{"line":11,"column":29},"end":{"line":11,"column":42}}]}},"s":{"0":0,"1":0,"2":0,"3":0,"4":0,"5":0,"6":0,"7":0,"8":0,"9":0,"10":0,"11":0,"12":0,"13":0,"14":0,"15":0,"16":0,"17":0,"18":0,"19":0,"20":0,"21":0,"22":0,"23":0,"24":0,"25":0,"26":0,"27":0,"28":0,"29":0,"30":0,"31":0,"32":0,"33":0,"34":0,"35":0,"36":0,"37":0,"38":0,"39":0,"40":0,"41":0,"42":0},"f":{"0":0,"1":0,"2":0,"3":0,"4":0,"5":0,"6":0,"7":0},"b":{"0":[0,0],"1":[0,0],"2":[0,0],"3":[0,0],"4":[0,0],"5":[0,0],"6":[0,0],"7":[0,0],"8":[0,0],"9":[0,0]}}
,"C:\\Users\\Rahim\\OneDrive\\Desktop\\Track me 1\\track_me_backend\\src\\auth\\auth.controller.ts": {"path":"C:\\Users\\Rahim\\OneDrive\\Desktop\\Track me 1\\track_me_backend\\src\\auth\\auth.controller.ts","statementMap":{"0":{"start":{"line":1,"column":0},"end":{"line":1,"column":null}},"1":{"start":{"line":11,"column":0},"end":{"line":11,"column":null}},"2":{"start":{"line":17,"column":0},"end":{"line":17,"column":45}},"3":{"start":{"line":18,"column":0},"end":{"line":18,"column":49}},"4":{"start":{"line":19,"column":0},"end":{"line":19,"column":43}},"5":{"start":{"line":20,"column":0},"end":{"line":20,"column":58}},"6":{"start":{"line":21,"column":0},"end":{"line":21,"column":62}},"7":{"start":{"line":22,"column":0},"end":{"line":22,"column":54}},"8":{"start":{"line":23,"column":0},"end":{"line":23,"column":55}},"9":{"start":{"line":27,"column":7},"end":{"line":90,"column":null}},"10":{"start":{"line":28,"column":31},"end":{"line":28,"column":44}},"11":{"start":{"line":35,"column":4},"end":{"line":35,"column":42}},"12":{"start":{"line":44,"column":4},"end":{"line":44,"column":39}},"13":{"start":{"line":52,"column":4},"end":{"line":57,"column":6}},"14":{"start":{"line":64,"column":4},"end":{"line":64,"column":60}},"15":{"start":{"line":71,"column":4},"end":{"line":71,"column":54}},"16":{"start":{"line":80,"column":4},"end":{"line":80,"column":48}},"17":{"start":{"line":88,"column":4},"end":{"line":88,"column":20}},"18":{"start":{"line":27,"column":13},"end":{"line":27,"column":27}},"19":{"start":{"line":34,"column":2},"end":{"line":36,"column":null}},"20":{"start":{"line":43,"column":2},"end":{"line":45,"column":null}},"21":{"start":{"line":50,"column":2},"end":{"line":58,"column":null}},"22":{"start":{"line":63,"column":2},"end":{"line":65,"column":null}},"23":{"start":{"line":70,"column":2},"end":{"line":72,"column":null}},"24":{"start":{"line":79,"column":2},"end":{"line":81,"column":null}},"25":{"start":{"line":87,"column":2},"end":{"line":89,"column":null}},"26":{"start":{"line":27,"column":13},"end":{"line":90,"column":null}}},"fnMap":{"0":{"name":"(anonymous_4)","decl":{"start":{"line":28,"column":2},"end":{"line":28,"column":31}},"loc":{"start":{"line":28,"column":55},"end":{"line":28,"column":59}}},"1":{"name":"(anonymous_5)","decl":{"start":{"line":34,"column":2},"end":{"line":34,"column":10}},"loc":{"start":{"line":34,"column":35},"end":{"line":36,"column":3}}},"2":{"name":"(anonymous_6)","decl":{"start":{"line":43,"column":2},"end":{"line":43,"column":7}},"loc":{"start":{"line":43,"column":29},"end":{"line":45,"column":3}}},"3":{"name":"(anonymous_7)","decl":{"start":{"line":50,"column":2},"end":{"line":50,"column":12}},"loc":{"start":{"line":50,"column":39},"end":{"line":58,"column":3}}},"4":{"name":"(anonymous_8)","decl":{"start":{"line":63,"column":2},"end":{"line":63,"column":14}},"loc":{"start":{"line":63,"column":43},"end":{"line":65,"column":3}}},"5":{"name":"(anonymous_9)","decl":{"start":{"line":70,"column":2},"end":{"line":70,"column":16}},"loc":{"start":{"line":70,"column":47},"end":{"line":72,"column":3}}},"6":{"name":"(anonymous_10)","decl":{"start":{"line":79,"column":2},"end":{"line":79,"column":8}},"loc":{"start":{"line":79,"column":28},"end":{"line":81,"column":3}}},"7":{"name":"(anonymous_11)","decl":{"start":{"line":87,"column":2},"end":{"line":87,"column":7}},"loc":{"start":{"line":87,"column":27},"end":{"line":89,"column":3}}}},"branchMap":{"0":{"loc":{"start":{"line":34,"column":24},"end":{"line":34,"column":null}},"type":"cond-expr","locations":[{"start":{"line":34,"column":35},"end":{"line":34,"column":null}},{"start":{"line":34,"column":35},"end":{"line":34,"column":null}}]},"1":{"loc":{"start":{"line":34,"column":24},"end":{"line":34,"column":35}},"type":"binary-expr","locations":[{"start":{"line":34,"column":24},"end":{"line":34,"column":null}},{"start":{"line":34,"column":24},"end":{"line":34,"column":35}}]},"2":{"loc":{"start":{"line":43,"column":21},"end":{"line":43,"column":null}},"type":"cond-expr","locations":[{"start":{"line":43,"column":29},"end":{"line":43,"column":null}},{"start":{"line":43,"column":29},"end":{"line":43,"column":null}}]},"3":{"loc":{"start":{"line":43,"column":21},"end":{"line":43,"column":29}},"type":"binary-expr","locations":[{"start":{"line":43,"column":21},"end":{"line":43,"column":null}},{"start":{"line":43,"column":21},"end":{"line":43,"column":29}}]},"4":{"loc":{"start":{"line":50,"column":26},"end":{"line":50,"column":null}},"type":"cond-expr","locations":[{"start":{"line":50,"column":39},"end":{"line":50,"column":null}},{"start":{"line":50,"column":39},"end":{"line":50,"column":null}}]},"5":{"loc":{"start":{"line":50,"column":26},"end":{"line":50,"column":39}},"type":"binary-expr","locations":[{"start":{"line":50,"column":26},"end":{"line":50,"column":null}},{"start":{"line":50,"column":26},"end":{"line":50,"column":39}}]},"6":{"loc":{"start":{"line":63,"column":28},"end":{"line":63,"column":null}},"type":"cond-expr","locations":[{"start":{"line":63,"column":43},"end":{"line":63,"column":null}},{"start":{"line":63,"column":43},"end":{"line":63,"column":null}}]},"7":{"loc":{"start":{"line":63,"column":28},"end":{"line":63,"column":43}},"type":"binary-expr","locations":[{"start":{"line":63,"column":28},"end":{"line":63,"column":null}},{"start":{"line":63,"column":28},"end":{"line":63,"column":43}}]},"8":{"loc":{"start":{"line":70,"column":30},"end":{"line":70,"column":null}},"type":"cond-expr","locations":[{"start":{"line":70,"column":47},"end":{"line":70,"column":null}},{"start":{"line":70,"column":47},"end":{"line":70,"column":null}}]},"9":{"loc":{"start":{"line":70,"column":30},"end":{"line":70,"column":47}},"type":"binary-expr","locations":[{"start":{"line":70,"column":30},"end":{"line":70,"column":null}},{"start":{"line":70,"column":30},"end":{"line":70,"column":47}}]},"10":{"loc":{"start":{"line":28,"column":44},"end":{"line":28,"column":58}},"type":"cond-expr","locations":[{"start":{"line":28,"column":55},"end":{"line":28,"column":58}},{"start":{"line":28,"column":55},"end":{"line":28,"column":58}}]},"11":{"loc":{"start":{"line":28,"column":44},"end":{"line":28,"column":55}},"type":"binary-expr","locations":[{"start":{"line":28,"column":44},"end":{"line":28,"column":58}},{"start":{"line":28,"column":44},"end":{"line":28,"column":55}}]}},"s":{"0":0,"1":0,"2":0,"3":0,"4":0,"5":0,"6":0,"7":0,"8":0,"9":0,"10":0,"11":0,"12":0,"13":0,"14":0,"15":0,"16":0,"17":0,"18":0,"19":0,"20":0,"21":0,"22":0,"23":0,"24":0,"25":0,"26":0},"f":{"0":0,"1":0,"2":0,"3":0,"4":0,"5":0,"6":0,"7":0},"b":{"0":[0,0],"1":[0,0],"2":[0,0],"3":[0,0],"4":[0,0],"5":[0,0],"6":[0,0],"7":[0,0],"8":[0,0],"9":[0,0],"10":[0,0],"11":[0,0]}}
,"C:\\Users\\Rahim\\OneDrive\\Desktop\\Track me 1\\track_me_backend\\src\\auth\\auth.module.ts": {"path":"C:\\Users\\Rahim\\OneDrive\\Desktop\\Track me 1\\track_me_backend\\src\\auth\\auth.module.ts","statementMap":{"0":{"start":{"line":1,"column":0},"end":{"line":1,"column":40}},"1":{"start":{"line":2,"column":0},"end":{"line":2,"column":40}},"2":{"start":{"line":3,"column":0},"end":{"line":3,"column":50}},"3":{"start":{"line":4,"column":0},"end":{"line":4,"column":47}},"4":{"start":{"line":5,"column":0},"end":{"line":5,"column":51}},"5":{"start":{"line":6,"column":0},"end":{"line":6,"column":45}},"6":{"start":{"line":7,"column":0},"end":{"line":7,"column":56}},"7":{"start":{"line":9,"column":0},"end":{"line":9,"column":52}},"8":{"start":{"line":29,"column":7},"end":{"line":29,"column":null}},"9":{"start":{"line":29,"column":13},"end":{"line":29,"column":23}},"10":{"start":{"line":29,"column":13},"end":{"line":29,"column":null}},"11":{"start":{"line":16,"column":46},"end":{"line":21,"column":8}}},"fnMap":{"0":{"name":"(anonymous_1)","decl":{"start":{"line":16,"column":18},"end":{"line":16,"column":19}},"loc":{"start":{"line":16,"column":46},"end":{"line":21,"column":8}}}},"branchMap":{},"s":{"0":0,"1":0,"2":0,"3":0,"4":0,"5":0,"6":0,"7":0,"8":0,"9":0,"10":0,"11":0},"f":{"0":0},"b":{}}
,"C:\\Users\\Rahim\\OneDrive\\Desktop\\Track me 1\\track_me_backend\\src\\auth\\auth.service.ts": {"path":"C:\\Users\\Rahim\\OneDrive\\Desktop\\Track me 1\\track_me_backend\\src\\auth\\auth.service.ts","statementMap":{"0":{"start":{"line":1,"column":0},"end":{"line":1,"column":null}},"1":{"start":{"line":7,"column":0},"end":{"line":7,"column":41}},"2":{"start":{"line":8,"column":0},"end":{"line":8,"column":47}},"3":{"start":{"line":9,"column":0},"end":{"line":9,"column":35}},"4":{"start":{"line":10,"column":0},"end":{"line":10,"column":36}},"5":{"start":{"line":11,"column":0},"end":{"line":11,"column":57}},"6":{"start":{"line":16,"column":7},"end":{"line":153,"column":null}},"7":{"start":{"line":18,"column":21},"end":{"line":18,"column":29}},"8":{"start":{"line":19,"column":21},"end":{"line":19,"column":33}},"9":{"start":{"line":20,"column":21},"end":{"line":20,"column":29}},"10":{"start":{"line":24,"column":21},"end":{"line":26,"column":6}},"11":{"start":{"line":28,"column":4},"end":{"line":30,"column":5}},"12":{"start":{"line":29,"column":6},"end":{"line":29,"column":58}},"13":{"start":{"line":32,"column":25},"end":{"line":32,"column":60}},"14":{"start":{"line":34,"column":17},"end":{"line":41,"column":6}},"15":{"start":{"line":43,"column":19},"end":{"line":43,"column":65}},"16":{"start":{"line":44,"column":4},"end":{"line":44,"column":31}},"17":{"start":{"line":48,"column":17},"end":{"line":50,"column":6}},"18":{"start":{"line":52,"column":4},"end":{"line":54,"column":5}},"19":{"start":{"line":53,"column":6},"end":{"line":53,"column":61}},"20":{"start":{"line":56,"column":20},"end":{"line":56,"column":73}},"21":{"start":{"line":57,"column":4},"end":{"line":59,"column":5}},"22":{"start":{"line":58,"column":6},"end":{"line":58,"column":61}},"23":{"start":{"line":61,"column":19},"end":{"line":61,"column":65}},"24":{"start":{"line":62,"column":4},"end":{"line":70,"column":6}},"25":{"start":{"line":74,"column":15},"end":{"line":76,"column":6}},"26":{"start":{"line":78,"column":4},"end":{"line":87,"column":5}},"27":{"start":{"line":79,"column":6},"end":{"line":81,"column":9}},"28":{"start":{"line":82,"column":11},"end":{"line":87,"column":5}},"29":{"start":{"line":83,"column":6},"end":{"line":86,"column":9}},"30":{"start":{"line":89,"column":19},"end":{"line":89,"column":65}},"31":{"start":{"line":90,"column":4},"end":{"line":98,"column":6}},"32":{"start":{"line":102,"column":19},"end":{"line":105,"column":6}},"33":{"start":{"line":107,"column":4},"end":{"line":109,"column":5}},"34":{"start":{"line":108,"column":6},"end":{"line":108,"column":74}},"35":{"start":{"line":111,"column":4},"end":{"line":111,"column":72}},"36":{"start":{"line":113,"column":19},"end":{"line":113,"column":79}},"37":{"start":{"line":114,"column":4},"end":{"line":114,"column":18}},"38":{"start":{"line":118,"column":17},"end":{"line":118,"column":72}},"39":{"start":{"line":120,"column":4},"end":{"line":120,"column":86}},"40":{"start":{"line":120,"column":15},"end":{"line":120,"column":86}},"41":{"start":{"line":123,"column":4},"end":{"line":123,"column":66}},"42":{"start":{"line":127,"column":4},"end":{"line":127,"column":69}},"43":{"start":{"line":128,"column":4},"end":{"line":128,"column":50}},"44":{"start":{"line":132,"column":20},"end":{"line":132,"column":42}},"45":{"start":{"line":134,"column":24},"end":{"line":134,"column":53}},"46":{"start":{"line":136,"column":30},"end":{"line":136,"column":38}},"47":{"start":{"line":137,"column":22},"end":{"line":137,"column":32}},"48":{"start":{"line":138,"column":4},"end":{"line":138,"column":48}},"49":{"start":{"line":140,"column":4},"end":{"line":146,"column":7}},"50":{"start":{"line":148,"column":4},"end":{"line":151,"column":6}},"51":{"start":{"line":16,"column":13},"end":{"line":16,"column":24}},"52":{"start":{"line":16,"column":13},"end":{"line":153,"column":null}}},"fnMap":{"0":{"name":"(anonymous_11)","decl":{"start":{"line":17,"column":2},"end":{"line":17,"column":null}},"loc":{"start":{"line":20,"column":42},"end":{"line":21,"column":6}}},"1":{"name":"(anonymous_12)","decl":{"start":{"line":23,"column":2},"end":{"line":23,"column":7}},"loc":{"start":{"line":23,"column":33},"end":{"line":45,"column":3}}},"2":{"name":"(anonymous_13)","decl":{"start":{"line":47,"column":2},"end":{"line":47,"column":7}},"loc":{"start":{"line":47,"column":27},"end":{"line":71,"column":3}}},"3":{"name":"(anonymous_14)","decl":{"start":{"line":73,"column":2},"end":{"line":73,"column":7}},"loc":{"start":{"line":73,"column":89},"end":{"line":99,"column":3}}},"4":{"name":"(anonymous_15)","decl":{"start":{"line":101,"column":2},"end":{"line":101,"column":7}},"loc":{"start":{"line":101,"column":34},"end":{"line":115,"column":3}}},"5":{"name":"(anonymous_16)","decl":{"start":{"line":117,"column":2},"end":{"line":117,"column":7}},"loc":{"start":{"line":117,"column":36},"end":{"line":124,"column":3}}},"6":{"name":"(anonymous_17)","decl":{"start":{"line":126,"column":2},"end":{"line":126,"column":7}},"loc":{"start":{"line":126,"column":29},"end":{"line":129,"column":3}}},"7":{"name":"(anonymous_18)","decl":{"start":{"line":131,"column":10},"end":{"line":131,"column":15}},"loc":{"start":{"line":131,"column":60},"end":{"line":152,"column":3}}}},"branchMap":{"0":{"loc":{"start":{"line":28,"column":4},"end":{"line":30,"column":5}},"type":"if","locations":[{"start":{"line":28,"column":4},"end":{"line":30,"column":5}},{"start":{},"end":{}}]},"1":{"loc":{"start":{"line":52,"column":4},"end":{"line":54,"column":5}},"type":"if","locations":[{"start":{"line":52,"column":4},"end":{"line":54,"column":5}},{"start":{},"end":{}}]},"2":{"loc":{"start":{"line":52,"column":8},"end":{"line":52,"column":35}},"type":"binary-expr","locations":[{"start":{"line":52,"column":8},"end":{"line":52,"column":13}},{"start":{"line":52,"column":17},"end":{"line":52,"column":35}}]},"3":{"loc":{"start":{"line":57,"column":4},"end":{"line":59,"column":5}},"type":"if","locations":[{"start":{"line":57,"column":4},"end":{"line":59,"column":5}},{"start":{},"end":{}}]},"4":{"loc":{"start":{"line":78,"column":4},"end":{"line":87,"column":5}},"type":"if","locations":[{"start":{"line":78,"column":4},"end":{"line":87,"column":5}},{"start":{"line":82,"column":11},"end":{"line":87,"column":5}}]},"5":{"loc":{"start":{"line":82,"column":11},"end":{"line":87,"column":5}},"type":"if","locations":[{"start":{"line":82,"column":11},"end":{"line":87,"column":5}},{"start":{},"end":{}}]},"6":{"loc":{"start":{"line":107,"column":4},"end":{"line":109,"column":5}},"type":"if","locations":[{"start":{"line":107,"column":4},"end":{"line":109,"column":5}},{"start":{},"end":{}}]},"7":{"loc":{"start":{"line":107,"column":8},"end":{"line":107,"column":48}},"type":"binary-expr","locations":[{"start":{"line":107,"column":8},"end":{"line":107,"column":15}},{"start":{"line":107,"column":19},"end":{"line":107,"column":48}}]},"8":{"loc":{"start":{"line":120,"column":4},"end":{"line":120,"column":86}},"type":"if","locations":[{"start":{"line":120,"column":4},"end":{"line":120,"column":86}},{"start":{},"end":{}}]},"9":{"loc":{"start":{"line":18,"column":29},"end":{"line":18,"column":null}},"type":"cond-expr","locations":[{"start":{"line":18,"column":42},"end":{"line":18,"column":null}},{"start":{"line":18,"column":42},"end":{"line":18,"column":null}}]},"10":{"loc":{"start":{"line":18,"column":29},"end":{"line":18,"column":42}},"type":"binary-expr","locations":[{"start":{"line":18,"column":29},"end":{"line":18,"column":null}},{"start":{"line":18,"column":29},"end":{"line":18,"column":42}}]},"11":{"loc":{"start":{"line":18,"column":42},"end":{"line":19,"column":null}},"type":"cond-expr","locations":[{"start":{"line":19,"column":43},"end":{"line":19,"column":null}},{"start":{"line":19,"column":43},"end":{"line":19,"column":null}}]},"12":{"loc":{"start":{"line":18,"column":42},"end":{"line":19,"column":43}},"type":"binary-expr","locations":[{"start":{"line":18,"column":42},"end":{"line":19,"column":null}},{"start":{"line":19,"column":33},"end":{"line":19,"column":43}}]},"13":{"loc":{"start":{"line":19,"column":43},"end":{"line":20,"column":null}},"type":"cond-expr","locations":[{"start":{"line":20,"column":42},"end":{"line":20,"column":null}},{"start":{"line":20,"column":42},"end":{"line":20,"column":null}}]},"14":{"loc":{"start":{"line":19,"column":43},"end":{"line":20,"column":42}},"type":"binary-expr","locations":[{"start":{"line":19,"column":43},"end":{"line":20,"column":null}},{"start":{"line":20,"column":29},"end":{"line":20,"column":42}}]}},"s":{"0":0,"1":0,"2":0,"3":0,"4":0,"5":0,"6":0,"7":0,"8":0,"9":0,"10":0,"11":0,"12":0,"13":0,"14":0,"15":0,"16":0,"17":0,"18":0,"19":0,"20":0,"21":0,"22":0,"23":0,"24":0,"25":0,"26":0,"27":0,"28":0,"29":0,"30":0,"31":0,"32":0,"33":0,"34":0,"35":0,"36":0,"37":0,"38":0,"39":0,"40":0,"41":0,"42":0,"43":0,"44":0,"45":0,"46":0,"47":0,"48":0,"49":0,"50":0,"51":0,"52":0},"f":{"0":0,"1":0,"2":0,"3":0,"4":0,"5":0,"6":0,"7":0},"b":{"0":[0,0],"1":[0,0],"2":[0,0],"3":[0,0],"4":[0,0],"5":[0,0],"6":[0,0],"7":[0,0],"8":[0,0],"9":[0,0],"10":[0,0],"11":[0,0],"12":[0,0],"13":[0,0],"14":[0,0]}}
,"C:\\Users\\Rahim\\OneDrive\\Desktop\\Track me 1\\track_me_backend\\src\\auth\\dto\\forgot-password.dto.ts": {"path":"C:\\Users\\Rahim\\OneDrive\\Desktop\\Track me 1\\track_me_backend\\src\\auth\\dto\\forgot-password.dto.ts","statementMap":{"0":{"start":{"line":1,"column":0},"end":{"line":1,"column":42}},"1":{"start":{"line":2,"column":0},"end":{"line":2,"column":46}},"2":{"start":{"line":4,"column":0},"end":{"line":4,"column":13}},"3":{"start":{"line":7,"column":2},"end":{"line":7,"column":null}}},"fnMap":{},"branchMap":{},"s":{"0":0,"1":0,"2":0,"3":0},"f":{},"b":{}}
,"C:\\Users\\Rahim\\OneDrive\\Desktop\\Track me 1\\track_me_backend\\src\\auth\\dto\\google-auth.dto.ts": {"path":"C:\\Users\\Rahim\\OneDrive\\Desktop\\Track me 1\\track_me_backend\\src\\auth\\dto\\google-auth.dto.ts","statementMap":{"0":{"start":{"line":1,"column":0},"end":{"line":1,"column":64}},"1":{"start":{"line":2,"column":0},"end":{"line":2,"column":46}},"2":{"start":{"line":4,"column":0},"end":{"line":4,"column":13}},"3":{"start":{"line":7,"column":2},"end":{"line":7,"column":null}},"4":{"start":{"line":11,"column":2},"end":{"line":11,"column":null}},"5":{"start":{"line":15,"column":2},"end":{"line":15,"column":null}},"6":{"start":{"line":20,"column":2},"end":{"line":20,"column":null}},"7":{"start":{"line":25,"column":2},"end":{"line":25,"column":null}}},"fnMap":{},"branchMap":{},"s":{"0":0,"1":0,"2":0,"3":0,"4":0,"5":0,"6":0,"7":0},"f":{},"b":{}}
,"C:\\Users\\Rahim\\OneDrive\\Desktop\\Track me 1\\track_me_backend\\src\\auth\\dto\\login.dto.ts": {"path":"C:\\Users\\Rahim\\OneDrive\\Desktop\\Track me 1\\track_me_backend\\src\\auth\\dto\\login.dto.ts","statementMap":{"0":{"start":{"line":1,"column":0},"end":{"line":1,"column":52}},"1":{"start":{"line":2,"column":0},"end":{"line":2,"column":46}},"2":{"start":{"line":4,"column":0},"end":{"line":4,"column":13}},"3":{"start":{"line":7,"column":2},"end":{"line":7,"column":null}},"4":{"start":{"line":11,"column":2},"end":{"line":11,"column":null}}},"fnMap":{},"branchMap":{},"s":{"0":0,"1":0,"2":0,"3":0,"4":0},"f":{},"b":{}}
,"C:\\Users\\Rahim\\OneDrive\\Desktop\\Track me 1\\track_me_backend\\src\\auth\\dto\\refresh-token.dto.ts": {"path":"C:\\Users\\Rahim\\OneDrive\\Desktop\\Track me 1\\track_me_backend\\src\\auth\\dto\\refresh-token.dto.ts","statementMap":{"0":{"start":{"line":1,"column":0},"end":{"line":1,"column":55}},"1":{"start":{"line":2,"column":0},"end":{"line":2,"column":46}},"2":{"start":{"line":4,"column":0},"end":{"line":4,"column":13}},"3":{"start":{"line":8,"column":2},"end":{"line":8,"column":null}}},"fnMap":{},"branchMap":{},"s":{"0":0,"1":0,"2":0,"3":0},"f":{},"b":{}}
,"C:\\Users\\Rahim\\OneDrive\\Desktop\\Track me 1\\track_me_backend\\src\\auth\\dto\\register.dto.ts": {"path":"C:\\Users\\Rahim\\OneDrive\\Desktop\\Track me 1\\track_me_backend\\src\\auth\\dto\\register.dto.ts","statementMap":{"0":{"start":{"line":1,"column":0},"end":{"line":1,"column":74}},"1":{"start":{"line":2,"column":0},"end":{"line":2,"column":46}},"2":{"start":{"line":4,"column":0},"end":{"line":4,"column":13}},"3":{"start":{"line":9,"column":2},"end":{"line":9,"column":null}},"4":{"start":{"line":13,"column":2},"end":{"line":13,"column":null}},"5":{"start":{"line":18,"column":2},"end":{"line":18,"column":null}}},"fnMap":{},"branchMap":{},"s":{"0":0,"1":0,"2":0,"3":0,"4":0,"5":0},"f":{},"b":{}}
,"C:\\Users\\Rahim\\OneDrive\\Desktop\\Track me 1\\track_me_backend\\src\\auth\\guards\\jwt-auth.guard.ts": {"path":"C:\\Users\\Rahim\\OneDrive\\Desktop\\Track me 1\\track_me_backend\\src\\auth\\guards\\jwt-auth.guard.ts","statementMap":{"0":{"start":{"line":1,"column":0},"end":{"line":1,"column":44}},"1":{"start":{"line":2,"column":0},"end":{"line":2,"column":45}},"2":{"start":{"line":5,"column":7},"end":{"line":5,"column":null}},"3":{"start":{"line":5,"column":13},"end":{"line":5,"column":25}},"4":{"start":{"line":5,"column":13},"end":{"line":5,"column":null}}},"fnMap":{},"branchMap":{},"s":{"0":0,"1":0,"2":0,"3":0,"4":0},"f":{},"b":{}}
,"C:\\Users\\Rahim\\OneDrive\\Desktop\\Track me 1\\track_me_backend\\src\\auth\\strategies\\google.strategy.ts": {"path":"C:\\Users\\Rahim\\OneDrive\\Desktop\\Track me 1\\track_me_backend\\src\\auth\\strategies\\google.strategy.ts","statementMap":{"0":{"start":{"line":1,"column":0},"end":{"line":1,"column":44}},"1":{"start":{"line":2,"column":0},"end":{"line":2,"column":52}},"2":{"start":{"line":3,"column":0},"end":{"line":3,"column":67}},"3":{"start":{"line":4,"column":0},"end":{"line":4,"column":47}},"4":{"start":{"line":7,"column":7},"end":{"line":32,"column":null}},"5":{"start":{"line":9,"column":4},"end":{"line":14,"column":7}},"6":{"start":{"line":8,"column":31},"end":{"line":8,"column":39}},"7":{"start":{"line":23,"column":48},"end":{"line":23,"column":55}},"8":{"start":{"line":24,"column":17},"end":{"line":29,"column":6}},"9":{"start":{"line":30,"column":4},"end":{"line":30,"column":21}},"10":{"start":{"line":7,"column":13},"end":{"line":7,"column":27}},"11":{"start":{"line":7,"column":13},"end":{"line":32,"column":null}}},"fnMap":{"0":{"name":"(anonymous_2)","decl":{"start":{"line":8,"column":2},"end":{"line":8,"column":31}},"loc":{"start":{"line":8,"column":52},"end":{"line":15,"column":3}}},"1":{"name":"(anonymous_3)","decl":{"start":{"line":17,"column":2},"end":{"line":17,"column":7}},"loc":{"start":{"line":21,"column":24},"end":{"line":31,"column":3}}}},"branchMap":{"0":{"loc":{"start":{"line":8,"column":39},"end":{"line":8,"column":null}},"type":"cond-expr","locations":[{"start":{"line":8,"column":52},"end":{"line":8,"column":null}},{"start":{"line":8,"column":52},"end":{"line":8,"column":null}}]},"1":{"loc":{"start":{"line":8,"column":39},"end":{"line":8,"column":52}},"type":"binary-expr","locations":[{"start":{"line":8,"column":39},"end":{"line":8,"column":null}},{"start":{"line":8,"column":39},"end":{"line":8,"column":52}}]}},"s":{"0":0,"1":0,"2":0,"3":0,"4":0,"5":0,"6":0,"7":0,"8":0,"9":0,"10":0,"11":0},"f":{"0":0,"1":0},"b":{"0":[0,0],"1":[0,0]}}
,"C:\\Users\\Rahim\\OneDrive\\Desktop\\Track me 1\\track_me_backend\\src\\auth\\strategies\\jwt.strategy.ts": {"path":"C:\\Users\\Rahim\\OneDrive\\Desktop\\Track me 1\\track_me_backend\\src\\auth\\strategies\\jwt.strategy.ts","statementMap":{"0":{"start":{"line":1,"column":0},"end":{"line":1,"column":67}},"1":{"start":{"line":2,"column":0},"end":{"line":2,"column":52}},"2":{"start":{"line":3,"column":0},"end":{"line":3,"column":52}},"3":{"start":{"line":4,"column":0},"end":{"line":4,"column":47}},"4":{"start":{"line":5,"column":0},"end":{"line":5,"column":60}},"5":{"start":{"line":8,"column":7},"end":{"line":38,"column":null}},"6":{"start":{"line":13,"column":4},"end":{"line":17,"column":7}},"7":{"start":{"line":10,"column":21},"end":{"line":10,"column":29}},"8":{"start":{"line":11,"column":21},"end":{"line":11,"column":29}},"9":{"start":{"line":21,"column":17},"end":{"line":30,"column":6}},"10":{"start":{"line":32,"column":4},"end":{"line":34,"column":5}},"11":{"start":{"line":33,"column":6},"end":{"line":33,"column":56}},"12":{"start":{"line":36,"column":4},"end":{"line":36,"column":16}},"13":{"start":{"line":8,"column":13},"end":{"line":8,"column":24}},"14":{"start":{"line":8,"column":13},"end":{"line":38,"column":null}}},"fnMap":{"0":{"name":"(anonymous_2)","decl":{"start":{"line":9,"column":2},"end":{"line":9,"column":null}},"loc":{"start":{"line":11,"column":42},"end":{"line":18,"column":3}}},"1":{"name":"(anonymous_3)","decl":{"start":{"line":20,"column":2},"end":{"line":20,"column":7}},"loc":{"start":{"line":20,"column":56},"end":{"line":37,"column":3}}}},"branchMap":{"0":{"loc":{"start":{"line":32,"column":4},"end":{"line":34,"column":5}},"type":"if","locations":[{"start":{"line":32,"column":4},"end":{"line":34,"column":5}},{"start":{},"end":{}}]},"1":{"loc":{"start":{"line":10,"column":29},"end":{"line":10,"column":null}},"type":"cond-expr","locations":[{"start":{"line":10,"column":42},"end":{"line":10,"column":null}},{"start":{"line":10,"column":42},"end":{"line":10,"column":null}}]},"2":{"loc":{"start":{"line":10,"column":29},"end":{"line":10,"column":42}},"type":"binary-expr","locations":[{"start":{"line":10,"column":29},"end":{"line":10,"column":null}},{"start":{"line":10,"column":29},"end":{"line":10,"column":42}}]},"3":{"loc":{"start":{"line":10,"column":42},"end":{"line":11,"column":null}},"type":"cond-expr","locations":[{"start":{"line":11,"column":42},"end":{"line":11,"column":null}},{"start":{"line":11,"column":42},"end":{"line":11,"column":null}}]},"4":{"loc":{"start":{"line":10,"column":42},"end":{"line":11,"column":42}},"type":"binary-expr","locations":[{"start":{"line":10,"column":42},"end":{"line":11,"column":null}},{"start":{"line":11,"column":29},"end":{"line":11,"column":42}}]}},"s":{"0":0,"1":0,"2":0,"3":0,"4":0,"5":0,"6":0,"7":0,"8":0,"9":0,"10":0,"11":0,"12":0,"13":0,"14":0},"f":{"0":0,"1":0},"b":{"0":[0,0],"1":[0,0],"2":[0,0],"3":[0,0],"4":[0,0]}}
,"C:\\Users\\Rahim\\OneDrive\\Desktop\\Track me 1\\track_me_backend\\src\\common\\filters\\all-exceptions.filter.ts": {"path":"C:\\Users\\Rahim\\OneDrive\\Desktop\\Track me 1\\track_me_backend\\src\\common\\filters\\all-exceptions.filter.ts","statementMap":{"0":{"start":{"line":1,"column":0},"end":{"line":1,"column":null}},"1":{"start":{"line":12,"column":32},"end":{"line":55,"column":null}},"2":{"start":{"line":13,"column":28},"end":{"line":13,"column":64}},"3":{"start":{"line":16,"column":16},"end":{"line":16,"column":35}},"4":{"start":{"line":17,"column":21},"end":{"line":17,"column":48}},"5":{"start":{"line":18,"column":20},"end":{"line":18,"column":45}},"6":{"start":{"line":21,"column":6},"end":{"line":23,"column":42}},"7":{"start":{"line":25,"column":18},"end":{"line":25,"column":41}},"8":{"start":{"line":28,"column":4},"end":{"line":40,"column":5}},"9":{"start":{"line":29,"column":25},"end":{"line":29,"column":48}},"10":{"start":{"line":30,"column":6},"end":{"line":39,"column":7}},"11":{"start":{"line":31,"column":8},"end":{"line":31,"column":29}},"12":{"start":{"line":32,"column":13},"end":{"line":39,"column":7}},"13":{"start":{"line":33,"column":20},"end":{"line":33,"column":37}},"14":{"start":{"line":34,"column":8},"end":{"line":34,"column":41}},"15":{"start":{"line":35,"column":8},"end":{"line":38,"column":9}},"16":{"start":{"line":36,"column":10},"end":{"line":36,"column":31}},"17":{"start":{"line":37,"column":10},"end":{"line":37,"column":40}},"18":{"start":{"line":42,"column":4},"end":{"line":44,"column":6}},"19":{"start":{"line":46,"column":4},"end":{"line":53,"column":7}},"20":{"start":{"line":12,"column":13},"end":{"line":12,"column":32}},"21":{"start":{"line":12,"column":13},"end":{"line":55,"column":null}}},"fnMap":{"0":{"name":"(anonymous_1)","decl":{"start":{"line":15,"column":2},"end":{"line":15,"column":7}},"loc":{"start":{"line":15,"column":47},"end":{"line":54,"column":3}}}},"branchMap":{"0":{"loc":{"start":{"line":21,"column":6},"end":{"line":23,"column":42}},"type":"cond-expr","locations":[{"start":{"line":22,"column":10},"end":{"line":22,"column":31}},{"start":{"line":23,"column":10},"end":{"line":23,"column":42}}]},"1":{"loc":{"start":{"line":28,"column":4},"end":{"line":40,"column":5}},"type":"if","locations":[{"start":{"line":28,"column":4},"end":{"line":40,"column":5}},{"start":{},"end":{}}]},"2":{"loc":{"start":{"line":30,"column":6},"end":{"line":39,"column":7}},"type":"if","locations":[{"start":{"line":30,"column":6},"end":{"line":39,"column":7}},{"start":{"line":32,"column":13},"end":{"line":39,"column":7}}]},"3":{"loc":{"start":{"line":32,"column":13},"end":{"line":39,"column":7}},"type":"if","locations":[{"start":{"line":32,"column":13},"end":{"line":39,"column":7}},{"start":{},"end":{}}]},"4":{"loc":{"start":{"line":32,"column":17},"end":{"line":32,"column":70}},"type":"binary-expr","locations":[{"start":{"line":32,"column":17},"end":{"line":32,"column":47}},{"start":{"line":32,"column":51},"end":{"line":32,"column":70}}]},"5":{"loc":{"start":{"line":34,"column":18},"end":{"line":34,"column":40}},"type":"binary-expr","locations":[{"start":{"line":34,"column":18},"end":{"line":34,"column":29}},{"start":{"line":34,"column":33},"end":{"line":34,"column":40}}]},"6":{"loc":{"start":{"line":35,"column":8},"end":{"line":38,"column":9}},"type":"if","locations":[{"start":{"line":35,"column":8},"end":{"line":38,"column":9}},{"start":{},"end":{}}]}},"s":{"0":0,"1":0,"2":0,"3":0,"4":0,"5":0,"6":0,"7":0,"8":0,"9":0,"10":0,"11":0,"12":0,"13":0,"14":0,"15":0,"16":0,"17":0,"18":0,"19":0,"20":0,"21":0},"f":{"0":0},"b":{"0":[0,0],"1":[0,0],"2":[0,0],"3":[0,0],"4":[0,0],"5":[0,0],"6":[0,0]}}
,"C:\\Users\\Rahim\\OneDrive\\Desktop\\Track me 1\\track_me_backend\\src\\common\\interceptors\\response.interceptor.ts": {"path":"C:\\Users\\Rahim\\OneDrive\\Desktop\\Track me 1\\track_me_backend\\src\\common\\interceptors\\response.interceptor.ts","statementMap":{"0":{"start":{"line":1,"column":0},"end":{"line":1,"column":null}},"1":{"start":{"line":8,"column":0},"end":{"line":8,"column":37}},"2":{"start":{"line":17,"column":7},"end":{"line":30,"column":null}},"3":{"start":{"line":22,"column":4},"end":{"line":28,"column":6}},"4":{"start":{"line":23,"column":21},"end":{"line":27,"column":8}},"5":{"start":{"line":17,"column":13},"end":{"line":17,"column":32}},"6":{"start":{"line":17,"column":13},"end":{"line":30,"column":null}}},"fnMap":{"0":{"name":"(anonymous_1)","decl":{"start":{"line":18,"column":2},"end":{"line":18,"column":11}},"loc":{"start":{"line":20,"column":21},"end":{"line":29,"column":3}}},"1":{"name":"(anonymous_2)","decl":{"start":{"line":23,"column":10},"end":{"line":23,"column":11}},"loc":{"start":{"line":23,"column":21},"end":{"line":27,"column":8}}}},"branchMap":{},"s":{"0":0,"1":0,"2":0,"3":0,"4":0,"5":0,"6":0},"f":{"0":0,"1":0},"b":{}}
,"C:\\Users\\Rahim\\OneDrive\\Desktop\\Track me 1\\track_me_backend\\src\\expenses\\expenses.controller.ts": {"path":"C:\\Users\\Rahim\\OneDrive\\Desktop\\Track me 1\\track_me_backend\\src\\expenses\\expenses.controller.ts","statementMap":{"0":{"start":{"line":1,"column":0},"end":{"line":1,"column":null}},"1":{"start":{"line":5,"column":0},"end":{"line":5,"column":81}},"2":{"start":{"line":6,"column":0},"end":{"line":6,"column":53}},"3":{"start":{"line":7,"column":0},"end":{"line":7,"column":58}},"4":{"start":{"line":8,"column":0},"end":{"line":8,"column":60}},"5":{"start":{"line":9,"column":0},"end":{"line":9,"column":60}},"6":{"start":{"line":10,"column":0},"end":{"line":10,"column":61}},"7":{"start":{"line":16,"column":7},"end":{"line":122,"column":null}},"8":{"start":{"line":17,"column":31},"end":{"line":17,"column":48}},"9":{"start":{"line":24,"column":4},"end":{"line":24,"column":63}},"10":{"start":{"line":36,"column":16},"end":{"line":36,"column":26}},"11":{"start":{"line":37,"column":14},"end":{"line":37,"column":41}},"12":{"start":{"line":38,"column":14},"end":{"line":38,"column":39}},"13":{"start":{"line":39,"column":4},"end":{"line":39,"column":61}},"14":{"start":{"line":45,"column":4},"end":{"line":45,"column":62}},"15":{"start":{"line":63,"column":4},"end":{"line":63,"column":93}},"16":{"start":{"line":81,"column":4},"end":{"line":81,"column":108}},"17":{"start":{"line":95,"column":16},"end":{"line":95,"column":26}},"18":{"start":{"line":96,"column":14},"end":{"line":96,"column":41}},"19":{"start":{"line":97,"column":14},"end":{"line":97,"column":39}},"20":{"start":{"line":98,"column":4},"end":{"line":98,"column":63}},"21":{"start":{"line":104,"column":4},"end":{"line":104,"column":64}},"22":{"start":{"line":114,"column":4},"end":{"line":114,"column":68}},"23":{"start":{"line":120,"column":4},"end":{"line":120,"column":63}},"24":{"start":{"line":16,"column":13},"end":{"line":16,"column":31}},"25":{"start":{"line":23,"column":2},"end":{"line":25,"column":null}},"26":{"start":{"line":31,"column":2},"end":{"line":40,"column":null}},"27":{"start":{"line":44,"column":2},"end":{"line":46,"column":null}},"28":{"start":{"line":56,"column":2},"end":{"line":64,"column":null}},"29":{"start":{"line":74,"column":2},"end":{"line":82,"column":null}},"30":{"start":{"line":90,"column":2},"end":{"line":99,"column":null}},"31":{"start":{"line":103,"column":2},"end":{"line":105,"column":null}},"32":{"start":{"line":109,"column":2},"end":{"line":115,"column":null}},"33":{"start":{"line":119,"column":2},"end":{"line":121,"column":null}},"34":{"start":{"line":16,"column":13},"end":{"line":122,"column":null}}},"fnMap":{"0":{"name":"(anonymous_4)","decl":{"start":{"line":17,"column":2},"end":{"line":17,"column":31}},"loc":{"start":{"line":17,"column":63},"end":{"line":17,"column":67}}},"1":{"name":"(anonymous_5)","decl":{"start":{"line":23,"column":2},"end":{"line":23,"column":14}},"loc":{"start":{"line":23,"column":64},"end":{"line":25,"column":3}}},"2":{"name":"(anonymous_6)","decl":{"start":{"line":31,"column":2},"end":{"line":31,"column":11}},"loc":{"start":{"line":34,"column":32},"end":{"line":40,"column":3}}},"3":{"name":"(anonymous_7)","decl":{"start":{"line":44,"column":2},"end":{"line":44,"column":18}},"loc":{"start":{"line":44,"column":38},"end":{"line":46,"column":3}}},"4":{"name":"(anonymous_8)","decl":{"start":{"line":56,"column":2},"end":{"line":56,"column":14}},"loc":{"start":{"line":61,"column":38},"end":{"line":64,"column":3}}},"5":{"name":"(anonymous_9)","decl":{"start":{"line":74,"column":2},"end":{"line":74,"column":14}},"loc":{"start":{"line":79,"column":38},"end":{"line":82,"column":3}}},"6":{"name":"(anonymous_10)","decl":{"start":{"line":90,"column":2},"end":{"line":90,"column":13}},"loc":{"start":{"line":93,"column":32},"end":{"line":99,"column":3}}},"7":{"name":"(anonymous_11)","decl":{"start":{"line":103,"column":2},"end":{"line":103,"column":15}},"loc":{"start":{"line":103,"column":66},"end":{"line":105,"column":3}}},"8":{"name":"(anonymous_12)","decl":{"start":{"line":109,"column":2},"end":{"line":109,"column":15}},"loc":{"start":{"line":112,"column":33},"end":{"line":115,"column":3}}},"9":{"name":"(anonymous_13)","decl":{"start":{"line":119,"column":2},"end":{"line":119,"column":15}},"loc":{"start":{"line":119,"column":60},"end":{"line":121,"column":3}}}},"branchMap":{"0":{"loc":{"start":{"line":37,"column":14},"end":{"line":37,"column":41}},"type":"binary-expr","locations":[{"start":{"line":37,"column":14},"end":{"line":37,"column":19}},{"start":{"line":37,"column":23},"end":{"line":37,"column":41}}]},"1":{"loc":{"start":{"line":38,"column":14},"end":{"line":38,"column":39}},"type":"binary-expr","locations":[{"start":{"line":38,"column":14},"end":{"line":38,"column":18}},{"start":{"line":38,"column":22},"end":{"line":38,"column":39}}]},"2":{"loc":{"start":{"line":81,"column":58},"end":{"line":81,"column":79}},"type":"binary-expr","locations":[{"start":{"line":81,"column":58},"end":{"line":81,"column":64}},{"start":{"line":81,"column":68},"end":{"line":81,"column":79}}]},"3":{"loc":{"start":{"line":96,"column":14},"end":{"line":96,"column":41}},"type":"binary-expr","locations":[{"start":{"line":96,"column":14},"end":{"line":96,"column":19}},{"start":{"line":96,"column":23},"end":{"line":96,"column":41}}]},"4":{"loc":{"start":{"line":97,"column":14},"end":{"line":97,"column":39}},"type":"binary-expr","locations":[{"start":{"line":97,"column":14},"end":{"line":97,"column":18}},{"start":{"line":97,"column":22},"end":{"line":97,"column":39}}]},"5":{"loc":{"start":{"line":23,"column":49},"end":{"line":23,"column":null}},"type":"cond-expr","locations":[{"start":{"line":23,"column":64},"end":{"line":23,"column":null}},{"start":{"line":23,"column":64},"end":{"line":23,"column":null}}]},"6":{"loc":{"start":{"line":23,"column":49},"end":{"line":23,"column":64}},"type":"binary-expr","locations":[{"start":{"line":23,"column":49},"end":{"line":23,"column":null}},{"start":{"line":23,"column":49},"end":{"line":23,"column":64}}]},"7":{"loc":{"start":{"line":103,"column":50},"end":{"line":103,"column":null}},"type":"cond-expr","locations":[{"start":{"line":103,"column":66},"end":{"line":103,"column":null}},{"start":{"line":103,"column":66},"end":{"line":103,"column":null}}]},"8":{"loc":{"start":{"line":103,"column":50},"end":{"line":103,"column":66}},"type":"binary-expr","locations":[{"start":{"line":103,"column":50},"end":{"line":103,"column":null}},{"start":{"line":103,"column":50},"end":{"line":103,"column":66}}]},"9":{"loc":{"start":{"line":112,"column":17},"end":{"line":112,"column":null}},"type":"cond-expr","locations":[{"start":{"line":112,"column":33},"end":{"line":112,"column":null}},{"start":{"line":112,"column":33},"end":{"line":112,"column":null}}]},"10":{"loc":{"start":{"line":112,"column":17},"end":{"line":112,"column":33}},"type":"binary-expr","locations":[{"start":{"line":112,"column":17},"end":{"line":112,"column":null}},{"start":{"line":112,"column":17},"end":{"line":112,"column":33}}]},"11":{"loc":{"start":{"line":17,"column":48},"end":{"line":17,"column":66}},"type":"cond-expr","locations":[{"start":{"line":17,"column":63},"end":{"line":17,"column":66}},{"start":{"line":17,"column":63},"end":{"line":17,"column":66}}]},"12":{"loc":{"start":{"line":17,"column":48},"end":{"line":17,"column":63}},"type":"binary-expr","locations":[{"start":{"line":17,"column":48},"end":{"line":17,"column":66}},{"start":{"line":17,"column":48},"end":{"line":17,"column":63}}]}},"s":{"0":0,"1":0,"2":0,"3":0,"4":0,"5":0,"6":0,"7":0,"8":0,"9":0,"10":0,"11":0,"12":0,"13":0,"14":0,"15":0,"16":0,"17":0,"18":0,"19":0,"20":0,"21":0,"22":0,"23":0,"24":0,"25":0,"26":0,"27":0,"28":0,"29":0,"30":0,"31":0,"32":0,"33":0,"34":0},"f":{"0":0,"1":0,"2":0,"3":0,"4":0,"5":0,"6":0,"7":0,"8":0,"9":0},"b":{"0":[0,0],"1":[0,0],"2":[0,0],"3":[0,0],"4":[0,0],"5":[0,0],"6":[0,0],"7":[0,0],"8":[0,0],"9":[0,0],"10":[0,0],"11":[0,0],"12":[0,0]}}
,"C:\\Users\\Rahim\\OneDrive\\Desktop\\Track me 1\\track_me_backend\\src\\expenses\\expenses.module.ts": {"path":"C:\\Users\\Rahim\\OneDrive\\Desktop\\Track me 1\\track_me_backend\\src\\expenses\\expenses.module.ts","statementMap":{"0":{"start":{"line":1,"column":0},"end":{"line":1,"column":40}},"1":{"start":{"line":2,"column":0},"end":{"line":2,"column":59}},"2":{"start":{"line":3,"column":0},"end":{"line":3,"column":53}},"3":{"start":{"line":10,"column":7},"end":{"line":10,"column":null}},"4":{"start":{"line":10,"column":13},"end":{"line":10,"column":27}},"5":{"start":{"line":10,"column":13},"end":{"line":10,"column":null}}},"fnMap":{},"branchMap":{},"s":{"0":0,"1":0,"2":0,"3":0,"4":0,"5":0},"f":{},"b":{}}
,"C:\\Users\\Rahim\\OneDrive\\Desktop\\Track me 1\\track_me_backend\\src\\expenses\\expenses.service.ts": {"path":"C:\\Users\\Rahim\\OneDrive\\Desktop\\Track me 1\\track_me_backend\\src\\expenses\\expenses.service.ts","statementMap":{"0":{"start":{"line":1,"column":0},"end":{"line":1,"column":44}},"1":{"start":{"line":2,"column":0},"end":{"line":2,"column":57}},"2":{"start":{"line":6,"column":0},"end":{"line":6,"column":57}},"3":{"start":{"line":9,"column":7},"end":{"line":667,"column":null}},"4":{"start":{"line":10,"column":31},"end":{"line":10,"column":39}},"5":{"start":{"line":15,"column":4},"end":{"line":15,"column":46}},"6":{"start":{"line":25,"column":22},"end":{"line":25,"column":60}},"7":{"start":{"line":26,"column":20},"end":{"line":26,"column":71}},"8":{"start":{"line":28,"column":21},"end":{"line":34,"column":6}},"9":{"start":{"line":36,"column":53},"end":{"line":36,"column":55}},"10":{"start":{"line":37,"column":4},"end":{"line":40,"column":5}},"11":{"start":{"line":38,"column":22},"end":{"line":38,"column":58}},"12":{"start":{"line":39,"column":6},"end":{"line":39,"column":80}},"13":{"start":{"line":42,"column":24},"end":{"line":42,"column":25}},"14":{"start":{"line":43,"column":22},"end":{"line":43,"column":23}},"15":{"start":{"line":45,"column":24},"end":{"line":45,"column":56}},"16":{"start":{"line":46,"column":27},"end":{"line":46,"column":111}},"17":{"start":{"line":47,"column":19},"end":{"line":47,"column":80}},"18":{"start":{"line":49,"column":4},"end":{"line":60,"column":5}},"19":{"start":{"line":49,"column":19},"end":{"line":49,"column":20}},"20":{"start":{"line":50,"column":29},"end":{"line":50,"column":69}},"21":{"start":{"line":51,"column":22},"end":{"line":51,"column":64}},"22":{"start":{"line":52,"column":25},"end":{"line":52,"column":55}},"23":{"start":{"line":54,"column":25},"end":{"line":54,"column":47}},"24":{"start":{"line":55,"column":6},"end":{"line":59,"column":7}},"25":{"start":{"line":56,"column":8},"end":{"line":56,"column":36}},"26":{"start":{"line":57,"column":13},"end":{"line":59,"column":7}},"27":{"start":{"line":58,"column":8},"end":{"line":58,"column":44}},"28":{"start":{"line":62,"column":4},"end":{"line":62,"column":42}},"29":{"start":{"line":66,"column":19},"end":{"line":68,"column":6}},"30":{"start":{"line":69,"column":4},"end":{"line":69,"column":24}},"31":{"start":{"line":69,"column":17},"end":{"line":69,"column":24}},"32":{"start":{"line":71,"column":43},"end":{"line":76,"column":null}},"33":{"start":{"line":79,"column":4},"end":{"line":85,"column":7}},"34":{"start":{"line":89,"column":25},"end":{"line":89,"column":56}},"35":{"start":{"line":90,"column":24},"end":{"line":90,"column":54}},"36":{"start":{"line":92,"column":33},"end":{"line":105,"column":6}},"37":{"start":{"line":107,"column":4},"end":{"line":172,"column":5}},"38":{"start":{"line":108,"column":45},"end":{"line":112,"column":null}},"39":{"start":{"line":115,"column":24},"end":{"line":115,"column":51}},"40":{"start":{"line":117,"column":19},"end":{"line":119,"column":8}},"41":{"start":{"line":121,"column":6},"end":{"line":121,"column":26}},"42":{"start":{"line":121,"column":17},"end":{"line":121,"column":26}},"43":{"start":{"line":123,"column":38},"end":{"line":123,"column":57}},"44":{"start":{"line":124,"column":37},"end":{"line":124,"column":72}},"45":{"start":{"line":126,"column":6},"end":{"line":171,"column":9}},"46":{"start":{"line":127,"column":8},"end":{"line":130,"column":11}},"47":{"start":{"line":132,"column":27},"end":{"line":132,"column":92}},"48":{"start":{"line":134,"column":37},"end":{"line":144,"column":10}},"49":{"start":{"line":145,"column":30},"end":{"line":145,"column":67}},"50":{"start":{"line":147,"column":8},"end":{"line":154,"column":11}},"51":{"start":{"line":156,"column":8},"end":{"line":170,"column":11}},"52":{"start":{"line":176,"column":16},"end":{"line":176,"column":26}},"53":{"start":{"line":177,"column":18},"end":{"line":177,"column":49}},"54":{"start":{"line":178,"column":17},"end":{"line":178,"column":46}},"55":{"start":{"line":179,"column":24},"end":{"line":179,"column":56}},"56":{"start":{"line":180,"column":28},"end":{"line":180,"column":65}},"57":{"start":{"line":181,"column":22},"end":{"line":181,"column":73}},"58":{"start":{"line":183,"column":19},"end":{"line":204,"column":6}},"59":{"start":{"line":206,"column":4},"end":{"line":206,"column":49}},"60":{"start":{"line":207,"column":4},"end":{"line":207,"column":71}},"61":{"start":{"line":209,"column":4},"end":{"line":209,"column":18}},"62":{"start":{"line":213,"column":19},"end":{"line":217,"column":6}},"63":{"start":{"line":219,"column":4},"end":{"line":221,"column":5}},"64":{"start":{"line":220,"column":6},"end":{"line":220,"column":20}},"65":{"start":{"line":224,"column":25},"end":{"line":224,"column":63}},"66":{"start":{"line":225,"column":23},"end":{"line":225,"column":74}},"67":{"start":{"line":227,"column":31},"end":{"line":234,"column":6}},"68":{"start":{"line":236,"column":22},"end":{"line":236,"column":57}},"69":{"start":{"line":238,"column":4},"end":{"line":260,"column":5}},"70":{"start":{"line":239,"column":26},"end":{"line":239,"column":58}},"71":{"start":{"line":240,"column":28},"end":{"line":240,"column":44}},"72":{"start":{"line":241,"column":30},"end":{"line":241,"column":55}},"73":{"start":{"line":242,"column":24},"end":{"line":242,"column":75}},"74":{"start":{"line":244,"column":6},"end":{"line":259,"column":8}},"75":{"start":{"line":262,"column":4},"end":{"line":262,"column":16}},"76":{"start":{"line":266,"column":16},"end":{"line":266,"column":26}},"77":{"start":{"line":267,"column":4},"end":{"line":267,"column":73}},"78":{"start":{"line":274,"column":4},"end":{"line":279,"column":5}},"79":{"start":{"line":275,"column":6},"end":{"line":275,"column":51}},"80":{"start":{"line":277,"column":6},"end":{"line":277,"column":24}},"81":{"start":{"line":278,"column":6},"end":{"line":278,"column":35}},"82":{"start":{"line":281,"column":17},"end":{"line":281,"column":138}},"83":{"start":{"line":283,"column":20},"end":{"line":294,"column":6}},"84":{"start":{"line":296,"column":4},"end":{"line":296,"column":49}},"85":{"start":{"line":297,"column":4},"end":{"line":301,"column":5}},"86":{"start":{"line":298,"column":20},"end":{"line":298,"column":42}},"87":{"start":{"line":299,"column":19},"end":{"line":299,"column":40}},"88":{"start":{"line":300,"column":6},"end":{"line":300,"column":73}},"89":{"start":{"line":303,"column":4},"end":{"line":303,"column":19}},"90":{"start":{"line":307,"column":22},"end":{"line":307,"column":32}},"91":{"start":{"line":308,"column":4},"end":{"line":310,"column":5}},"92":{"start":{"line":309,"column":6},"end":{"line":309,"column":56}},"93":{"start":{"line":312,"column":28},"end":{"line":314,"column":6}},"94":{"start":{"line":316,"column":19},"end":{"line":319,"column":6}},"95":{"start":{"line":321,"column":4},"end":{"line":335,"column":5}},"96":{"start":{"line":322,"column":6},"end":{"line":322,"column":51}},"97":{"start":{"line":323,"column":24},"end":{"line":323,"column":62}},"98":{"start":{"line":324,"column":23},"end":{"line":324,"column":60}},"99":{"start":{"line":325,"column":6},"end":{"line":325,"column":81}},"100":{"start":{"line":327,"column":6},"end":{"line":334,"column":7}},"101":{"start":{"line":328,"column":24},"end":{"line":328,"column":61}},"102":{"start":{"line":329,"column":25},"end":{"line":329,"column":50}},"103":{"start":{"line":330,"column":24},"end":{"line":330,"column":48}},"104":{"start":{"line":331,"column":8},"end":{"line":333,"column":9}},"105":{"start":{"line":332,"column":10},"end":{"line":332,"column":83}},"106":{"start":{"line":337,"column":4},"end":{"line":337,"column":18}},"107":{"start":{"line":341,"column":28},"end":{"line":343,"column":6}},"108":{"start":{"line":345,"column":19},"end":{"line":347,"column":6}},"109":{"start":{"line":349,"column":4},"end":{"line":354,"column":5}},"110":{"start":{"line":350,"column":6},"end":{"line":350,"column":51}},"111":{"start":{"line":351,"column":20},"end":{"line":351,"column":58}},"112":{"start":{"line":352,"column":19},"end":{"line":352,"column":56}},"113":{"start":{"line":353,"column":6},"end":{"line":353,"column":73}},"114":{"start":{"line":356,"column":4},"end":{"line":356,"column":18}},"115":{"start":{"line":360,"column":22},"end":{"line":360,"column":60}},"116":{"start":{"line":361,"column":20},"end":{"line":361,"column":71}},"117":{"start":{"line":363,"column":4},"end":{"line":369,"column":7}},"118":{"start":{"line":375,"column":26},"end":{"line":375,"column":87}},"119":{"start":{"line":376,"column":23},"end":{"line":376,"column":46}},"120":{"start":{"line":377,"column":4},"end":{"line":377,"column":39}},"121":{"start":{"line":378,"column":21},"end":{"line":378,"column":44}},"122":{"start":{"line":379,"column":4},"end":{"line":379,"column":42}},"123":{"start":{"line":381,"column":22},"end":{"line":381,"column":42}},"124":{"start":{"line":382,"column":20},"end":{"line":382,"column":38}},"125":{"start":{"line":383,"column":23},"end":{"line":383,"column":24}},"126":{"start":{"line":384,"column":22},"end":{"line":384,"column":23}},"127":{"start":{"line":385,"column":24},"end":{"line":385,"column":25}},"128":{"start":{"line":387,"column":27},"end":{"line":387,"column":48}},"129":{"start":{"line":389,"column":4},"end":{"line":461,"column":5}},"130":{"start":{"line":390,"column":6},"end":{"line":390,"column":41}},"131":{"start":{"line":391,"column":6},"end":{"line":391,"column":37}},"132":{"start":{"line":392,"column":6},"end":{"line":392,"column":23}},"133":{"start":{"line":393,"column":6},"end":{"line":393,"column":22}},"134":{"start":{"line":394,"column":6},"end":{"line":394,"column":24}},"135":{"start":{"line":395,"column":11},"end":{"line":461,"column":5}},"136":{"start":{"line":396,"column":24},"end":{"line":396,"column":44}},"137":{"start":{"line":397,"column":6},"end":{"line":397,"column":56}},"138":{"start":{"line":398,"column":6},"end":{"line":398,"column":40}},"139":{"start":{"line":399,"column":6},"end":{"line":399,"column":42}},"140":{"start":{"line":400,"column":6},"end":{"line":400,"column":38}},"141":{"start":{"line":401,"column":6},"end":{"line":401,"column":45}},"142":{"start":{"line":402,"column":6},"end":{"line":402,"column":23}},"143":{"start":{"line":403,"column":6},"end":{"line":403,"column":22}},"144":{"start":{"line":404,"column":6},"end":{"line":404,"column":24}},"145":{"start":{"line":405,"column":11},"end":{"line":461,"column":5}},"146":{"start":{"line":406,"column":24},"end":{"line":406,"column":49}},"147":{"start":{"line":407,"column":27},"end":{"line":407,"column":63}},"148":{"start":{"line":408,"column":21},"end":{"line":408,"column":44}},"149":{"start":{"line":409,"column":6},"end":{"line":409,"column":67}},"150":{"start":{"line":410,"column":6},"end":{"line":410,"column":37}},"151":{"start":{"line":412,"column":6},"end":{"line":412,"column":37}},"152":{"start":{"line":413,"column":6},"end":{"line":413,"column":35}},"153":{"start":{"line":414,"column":6},"end":{"line":414,"column":52}},"154":{"start":{"line":415,"column":6},"end":{"line":415,"column":45}},"155":{"start":{"line":417,"column":6},"end":{"line":417,"column":23}},"156":{"start":{"line":418,"column":6},"end":{"line":418,"column":107}},"157":{"start":{"line":419,"column":6},"end":{"line":419,"column":43}},"158":{"start":{"line":419,"column":27},"end":{"line":419,"column":43}},"159":{"start":{"line":420,"column":6},"end":{"line":420,"column":43}},"160":{"start":{"line":420,"column":27},"end":{"line":420,"column":43}},"161":{"start":{"line":421,"column":6},"end":{"line":421,"column":42}},"162":{"start":{"line":422,"column":11},"end":{"line":461,"column":5}},"163":{"start":{"line":423,"column":20},"end":{"line":423,"column":51}},"164":{"start":{"line":424,"column":19},"end":{"line":424,"column":49}},"165":{"start":{"line":425,"column":6},"end":{"line":425,"column":59}},"166":{"start":{"line":426,"column":6},"end":{"line":426,"column":70}},"167":{"start":{"line":428,"column":6},"end":{"line":428,"column":54}},"168":{"start":{"line":429,"column":6},"end":{"line":429,"column":47}},"169":{"start":{"line":430,"column":6},"end":{"line":430,"column":53}},"170":{"start":{"line":431,"column":11},"end":{"line":461,"column":5}},"171":{"start":{"line":432,"column":22},"end":{"line":432,"column":49}},"172":{"start":{"line":433,"column":21},"end":{"line":433,"column":51}},"173":{"start":{"line":434,"column":6},"end":{"line":437,"column":7}},"174":{"start":{"line":435,"column":8},"end":{"line":435,"column":23}},"175":{"start":{"line":436,"column":8},"end":{"line":436,"column":19}},"176":{"start":{"line":438,"column":6},"end":{"line":438,"column":67}},"177":{"start":{"line":439,"column":6},"end":{"line":439,"column":78}},"178":{"start":{"line":441,"column":6},"end":{"line":441,"column":62}},"179":{"start":{"line":442,"column":6},"end":{"line":442,"column":33}},"180":{"start":{"line":443,"column":6},"end":{"line":443,"column":24}},"181":{"start":{"line":444,"column":11},"end":{"line":461,"column":5}},"182":{"start":{"line":445,"column":6},"end":{"line":445,"column":62}},"183":{"start":{"line":446,"column":6},"end":{"line":446,"column":58}},"184":{"start":{"line":448,"column":6},"end":{"line":448,"column":107}},"185":{"start":{"line":449,"column":6},"end":{"line":449,"column":45}},"186":{"start":{"line":449,"column":28},"end":{"line":449,"column":45}},"187":{"start":{"line":451,"column":6},"end":{"line":460,"column":7}},"188":{"start":{"line":452,"column":8},"end":{"line":452,"column":35}},"189":{"start":{"line":453,"column":8},"end":{"line":453,"column":26}},"190":{"start":{"line":454,"column":13},"end":{"line":460,"column":7}},"191":{"start":{"line":455,"column":8},"end":{"line":455,"column":24}},"192":{"start":{"line":456,"column":8},"end":{"line":456,"column":37}},"193":{"start":{"line":458,"column":8},"end":{"line":458,"column":109}},"194":{"start":{"line":459,"column":8},"end":{"line":459,"column":55}},"195":{"start":{"line":463,"column":4},"end":{"line":472,"column":6}},"196":{"start":{"line":485,"column":8},"end":{"line":485,"column":73}},"197":{"start":{"line":487,"column":4},"end":{"line":487,"column":64}},"198":{"start":{"line":489,"column":18},"end":{"line":489,"column":47}},"199":{"start":{"line":490,"column":17},"end":{"line":490,"column":45}},"200":{"start":{"line":492,"column":4},"end":{"line":492,"column":86}},"201":{"start":{"line":494,"column":19},"end":{"line":494,"column":60}},"202":{"start":{"line":497,"column":26},"end":{"line":504,"column":6}},"203":{"start":{"line":506,"column":29},"end":{"line":506,"column":80}},"204":{"start":{"line":506,"column":62},"end":{"line":506,"column":76}},"205":{"start":{"line":509,"column":31},"end":{"line":516,"column":6}},"206":{"start":{"line":517,"column":22},"end":{"line":517,"column":57}},"207":{"start":{"line":520,"column":33},"end":{"line":528,"column":6}},"208":{"start":{"line":529,"column":24},"end":{"line":529,"column":61}},"209":{"start":{"line":530,"column":26},"end":{"line":530,"column":58}},"210":{"start":{"line":533,"column":23},"end":{"line":533,"column":49}},"211":{"start":{"line":534,"column":30},"end":{"line":534,"column":56}},"212":{"start":{"line":536,"column":17},"end":{"line":545,"column":6}},"213":{"start":{"line":548,"column":31},"end":{"line":555,"column":6}},"214":{"start":{"line":557,"column":26},"end":{"line":564,"column":12}},"215":{"start":{"line":566,"column":4},"end":{"line":586,"column":6}},"216":{"start":{"line":598,"column":8},"end":{"line":598,"column":73}},"217":{"start":{"line":600,"column":21},"end":{"line":607,"column":6}},"218":{"start":{"line":610,"column":54},"end":{"line":610,"column":56}},"219":{"start":{"line":611,"column":4},"end":{"line":613,"column":5}},"220":{"start":{"line":612,"column":6},"end":{"line":612,"column":92}},"221":{"start":{"line":616,"column":51},"end":{"line":616,"column":53}},"222":{"start":{"line":617,"column":4},"end":{"line":620,"column":5}},"223":{"start":{"line":618,"column":18},"end":{"line":618,"column":54}},"224":{"start":{"line":619,"column":6},"end":{"line":619,"column":68}},"225":{"start":{"line":622,"column":24},"end":{"line":622,"column":70}},"226":{"start":{"line":622,"column":52},"end":{"line":622,"column":66}},"227":{"start":{"line":623,"column":17},"end":{"line":623,"column":56}},"228":{"start":{"line":624,"column":25},"end":{"line":624,"column":43}},"229":{"start":{"line":627,"column":29},"end":{"line":628,"column":36}},"230":{"start":{"line":628,"column":30},"end":{"line":628,"column":35}},"231":{"start":{"line":631,"column":28},"end":{"line":633,"column":18}},"232":{"start":{"line":632,"column":22},"end":{"line":632,"column":41}},"233":{"start":{"line":636,"column":53},"end":{"line":636,"column":55}},"234":{"start":{"line":637,"column":4},"end":{"line":639,"column":5}},"235":{"start":{"line":638,"column":6},"end":{"line":638,"column":100}},"236":{"start":{"line":641,"column":4},"end":{"line":665,"column":6}},"237":{"start":{"line":648,"column":71},"end":{"line":652,"column":8}},"238":{"start":{"line":653,"column":78},"end":{"line":656,"column":8}},"239":{"start":{"line":660,"column":84},"end":{"line":664,"column":8}},"240":{"start":{"line":9,"column":13},"end":{"line":9,"column":28}},"241":{"start":{"line":9,"column":13},"end":{"line":667,"column":null}}},"fnMap":{"0":{"name":"(anonymous_2)","decl":{"start":{"line":10,"column":2},"end":{"line":10,"column":31}},"loc":{"start":{"line":10,"column":52},"end":{"line":10,"column":56}}},"1":{"name":"(anonymous_3)","decl":{"start":{"line":14,"column":10},"end":{"line":14,"column":24}},"loc":{"start":{"line":14,"column":52},"end":{"line":16,"column":3}}},"2":{"name":"(anonymous_4)","decl":{"start":{"line":18,"column":2},"end":{"line":18,"column":7}},"loc":{"start":{"line":23,"column":36},"end":{"line":63,"column":3}}},"3":{"name":"(anonymous_5)","decl":{"start":{"line":65,"column":2},"end":{"line":65,"column":7}},"loc":{"start":{"line":65,"column":120},"end":{"line":86,"column":3}}},"4":{"name":"(anonymous_6)","decl":{"start":{"line":88,"column":2},"end":{"line":88,"column":7}},"loc":{"start":{"line":88,"column":82},"end":{"line":173,"column":3}}},"5":{"name":"(anonymous_7)","decl":{"start":{"line":126,"column":37},"end":{"line":126,"column":42}},"loc":{"start":{"line":126,"column":50},"end":{"line":171,"column":7}}},"6":{"name":"(anonymous_8)","decl":{"start":{"line":175,"column":2},"end":{"line":175,"column":7}},"loc":{"start":{"line":175,"column":57},"end":{"line":210,"column":3}}},"7":{"name":"(anonymous_9)","decl":{"start":{"line":212,"column":2},"end":{"line":212,"column":7}},"loc":{"start":{"line":212,"column":61},"end":{"line":263,"column":3}}},"8":{"name":"(anonymous_10)","decl":{"start":{"line":265,"column":2},"end":{"line":265,"column":7}},"loc":{"start":{"line":265,"column":39},"end":{"line":268,"column":3}}},"9":{"name":"(anonymous_11)","decl":{"start":{"line":272,"column":2},"end":{"line":272,"column":7}},"loc":{"start":{"line":272,"column":59},"end":{"line":304,"column":3}}},"10":{"name":"(anonymous_12)","decl":{"start":{"line":306,"column":2},"end":{"line":306,"column":7}},"loc":{"start":{"line":306,"column":71},"end":{"line":338,"column":3}}},"11":{"name":"(anonymous_13)","decl":{"start":{"line":340,"column":2},"end":{"line":340,"column":7}},"loc":{"start":{"line":340,"column":48},"end":{"line":357,"column":3}}},"12":{"name":"(anonymous_14)","decl":{"start":{"line":359,"column":2},"end":{"line":359,"column":7}},"loc":{"start":{"line":359,"column":63},"end":{"line":370,"column":3}}},"13":{"name":"(anonymous_15)","decl":{"start":{"line":374,"column":10},"end":{"line":374,"column":35}},"loc":{"start":{"line":374,"column":114},"end":{"line":473,"column":3}}},"14":{"name":"(anonymous_16)","decl":{"start":{"line":475,"column":2},"end":{"line":475,"column":7}},"loc":{"start":{"line":475,"column":106},"end":{"line":587,"column":3}}},"15":{"name":"(anonymous_17)","decl":{"start":{"line":506,"column":50},"end":{"line":506,"column":51}},"loc":{"start":{"line":506,"column":62},"end":{"line":506,"column":76}}},"16":{"name":"(anonymous_18)","decl":{"start":{"line":591,"column":2},"end":{"line":591,"column":7}},"loc":{"start":{"line":591,"column":105},"end":{"line":666,"column":3}}},"17":{"name":"(anonymous_19)","decl":{"start":{"line":622,"column":40},"end":{"line":622,"column":41}},"loc":{"start":{"line":622,"column":52},"end":{"line":622,"column":66}}},"18":{"name":"(anonymous_20)","decl":{"start":{"line":628,"column":12},"end":{"line":628,"column":13}},"loc":{"start":{"line":628,"column":30},"end":{"line":628,"column":35}}},"19":{"name":"(anonymous_21)","decl":{"start":{"line":632,"column":12},"end":{"line":632,"column":13}},"loc":{"start":{"line":632,"column":22},"end":{"line":632,"column":41}}},"20":{"name":"(anonymous_22)","decl":{"start":{"line":648,"column":46},"end":{"line":648,"column":47}},"loc":{"start":{"line":648,"column":71},"end":{"line":652,"column":8}}},"21":{"name":"(anonymous_23)","decl":{"start":{"line":653,"column":57},"end":{"line":653,"column":58}},"loc":{"start":{"line":653,"column":78},"end":{"line":656,"column":8}}},"22":{"name":"(anonymous_24)","decl":{"start":{"line":660,"column":61},"end":{"line":660,"column":62}},"loc":{"start":{"line":660,"column":84},"end":{"line":664,"column":8}}}},"branchMap":{"0":{"loc":{"start":{"line":23,"column":4},"end":{"line":23,"column":36}},"type":"default-arg","locations":[{"start":{"line":23,"column":26},"end":{"line":23,"column":36}}]},"1":{"loc":{"start":{"line":39,"column":35},"end":{"line":39,"column":65}},"type":"binary-expr","locations":[{"start":{"line":39,"column":35},"end":{"line":39,"column":60}},{"start":{"line":39,"column":64},"end":{"line":39,"column":65}}]},"2":{"loc":{"start":{"line":46,"column":27},"end":{"line":46,"column":111}},"type":"binary-expr","locations":[{"start":{"line":46,"column":27},"end":{"line":46,"column":68}},{"start":{"line":46,"column":72},"end":{"line":46,"column":111}}]},"3":{"loc":{"start":{"line":47,"column":19},"end":{"line":47,"column":80}},"type":"cond-expr","locations":[{"start":{"line":47,"column":36},"end":{"line":47,"column":66}},{"start":{"line":47,"column":69},"end":{"line":47,"column":80}}]},"4":{"loc":{"start":{"line":52,"column":25},"end":{"line":52,"column":55}},"type":"binary-expr","locations":[{"start":{"line":52,"column":25},"end":{"line":52,"column":50}},{"start":{"line":52,"column":54},"end":{"line":52,"column":55}}]},"5":{"loc":{"start":{"line":55,"column":6},"end":{"line":59,"column":7}},"type":"if","locations":[{"start":{"line":55,"column":6},"end":{"line":59,"column":7}},{"start":{"line":57,"column":13},"end":{"line":59,"column":7}}]},"6":{"loc":{"start":{"line":57,"column":13},"end":{"line":59,"column":7}},"type":"if","locations":[{"start":{"line":57,"column":13},"end":{"line":59,"column":7}},{"start":{},"end":{}}]},"7":{"loc":{"start":{"line":65,"column":88},"end":{"line":65,"column":120}},"type":"default-arg","locations":[{"start":{"line":65,"column":110},"end":{"line":65,"column":120}}]},"8":{"loc":{"start":{"line":69,"column":4},"end":{"line":69,"column":24}},"type":"if","locations":[{"start":{"line":69,"column":4},"end":{"line":69,"column":24}},{"start":{},"end":{}}]},"9":{"loc":{"start":{"line":88,"column":50},"end":{"line":88,"column":82}},"type":"default-arg","locations":[{"start":{"line":88,"column":72},"end":{"line":88,"column":82}}]},"10":{"loc":{"start":{"line":121,"column":6},"end":{"line":121,"column":26}},"type":"if","locations":[{"start":{"line":121,"column":6},"end":{"line":121,"column":26}},{"start":{},"end":{}}]},"11":{"loc":{"start":{"line":145,"column":30},"end":{"line":145,"column":67}},"type":"binary-expr","locations":[{"start":{"line":145,"column":30},"end":{"line":145,"column":62}},{"start":{"line":145,"column":66},"end":{"line":145,"column":67}}]},"12":{"loc":{"start":{"line":177,"column":18},"end":{"line":177,"column":49}},"type":"binary-expr","locations":[{"start":{"line":177,"column":18},"end":{"line":177,"column":27}},{"start":{"line":177,"column":31},"end":{"line":177,"column":49}}]},"13":{"loc":{"start":{"line":178,"column":17},"end":{"line":178,"column":46}},"type":"binary-expr","locations":
[...]
,"C:\\Users\\Rahim\\OneDrive\\Desktop\\Track me 1\\track_me_backend\\src\\prisma\\prisma.module.ts": {"path":"C:\\Users\\Rahim\\OneDrive\\Desktop\\Track me 1\\track_me_backend\\src\\prisma\\prisma.module.ts","statementMap":{"0":{"start":{"line":1,"column":0},"end":{"line":1,"column":48}},"1":{"start":{"line":2,"column":0},"end":{"line":2,"column":49}},"2":{"start":{"line":9,"column":7},"end":{"line":9,"column":null}},"3":{"start":{"line":9,"column":13},"end":{"line":9,"column":25}},"4":{"start":{"line":9,"column":13},"end":{"line":9,"column":null}}},"fnMap":{},"branchMap":{},"s":{"0":0,"1":0,"2":0,"3":0,"4":0},"f":{},"b":{}}
,"C:\\Users\\Rahim\\OneDrive\\Desktop\\Track me 1\\track_me_backend\\src\\prisma\\prisma.service.ts": {"path":"C:\\Users\\Rahim\\OneDrive\\Desktop\\Track me 1\\track_me_backend\\src\\prisma\\prisma.service.ts","statementMap":{"0":{"start":{"line":1,"column":0},"end":{"line":1,"column":75}},"1":{"start":{"line":2,"column":0},"end":{"line":2,"column":46}},"2":{"start":{"line":5,"column":7},"end":{"line":21,"column":null}},"3":{"start":{"line":7,"column":4},"end":{"line":11,"column":7}},"4":{"start":{"line":15,"column":4},"end":{"line":15,"column":26}},"5":{"start":{"line":19,"column":4},"end":{"line":19,"column":29}},"6":{"start":{"line":5,"column":13},"end":{"line":5,"column":26}},"7":{"start":{"line":5,"column":13},"end":{"line":21,"column":null}}},"fnMap":{"0":{"name":"(anonymous_2)","decl":{"start":{"line":6,"column":2},"end":{"line":6,"column":null}},"loc":{"start":{"line":6,"column":2},"end":{"line":12,"column":3}}},"1":{"name":"(anonymous_3)","decl":{"start":{"line":14,"column":2},"end":{"line":14,"column":7}},"loc":{"start":{"line":14,"column":20},"end":{"line":16,"column":3}}},"2":{"name":"(anonymous_4)","decl":{"start":{"line":18,"column":2},"end":{"line":18,"column":7}},"loc":{"start":{"line":18,"column":23},"end":{"line":20,"column":3}}}},"branchMap":{"0":{"loc":{"start":{"line":8,"column":11},"end":{"line":10,"column":27}},"type":"cond-expr","locations":[{"start":{"line":9,"column":10},"end":{"line":9,"column":44}},{"start":{"line":10,"column":10},"end":{"line":10,"column":27}}]}},"s":{"0":0,"1":0,"2":0,"3":0,"4":0,"5":0,"6":0,"7":0},"f":{"0":0,"1":0,"2":0},"b":{"0":[0,0]}}
,"C:\\Users\\Rahim\\OneDrive\\Desktop\\Track me 1\\track_me_backend\\src\\users\\users.controller.ts": {"path":"C:\\Users\\Rahim\\OneDrive\\Desktop\\Track me 1\\track_me_backend\\src\\users\\users.controller.ts","statementMap":{"0":{"start":{"line":1,"column":0},"end":{"line":1,"column":82}},"1":{"start":{"line":2,"column":0},"end":{"line":2,"column":71}},"2":{"start":{"line":3,"column":0},"end":{"line":3,"column":47}},"3":{"start":{"line":4,"column":0},"end":{"line":4,"column":61}},"4":{"start":{"line":10,"column":7},"end":{"line":39,"column":null}},"5":{"start":{"line":11,"column":31},"end":{"line":11,"column":45}},"6":{"start":{"line":16,"column":4},"end":{"line":16,"column":53}},"7":{"start":{"line":22,"column":4},"end":{"line":22,"column":51}},"8":{"start":{"line":31,"column":4},"end":{"line":31,"column":61}},"9":{"start":{"line":37,"column":4},"end":{"line":37,"column":71}},"10":{"start":{"line":10,"column":13},"end":{"line":10,"column":28}},"11":{"start":{"line":15,"column":2},"end":{"line":17,"column":null}},"12":{"start":{"line":21,"column":2},"end":{"line":23,"column":null}},"13":{"start":{"line":27,"column":2},"end":{"line":32,"column":null}},"14":{"start":{"line":36,"column":2},"end":{"line":38,"column":null}},"15":{"start":{"line":10,"column":13},"end":{"line":39,"column":null}}},"fnMap":{"0":{"name":"(anonymous_4)","decl":{"start":{"line":11,"column":2},"end":{"line":11,"column":31}},"loc":{"start":{"line":11,"column":57},"end":{"line":11,"column":61}}},"1":{"name":"(anonymous_5)","decl":{"start":{"line":15,"column":2},"end":{"line":15,"column":12}},"loc":{"start":{"line":15,"column":32},"end":{"line":17,"column":3}}},"2":{"name":"(anonymous_6)","decl":{"start":{"line":21,"column":2},"end":{"line":21,"column":10}},"loc":{"start":{"line":21,"column":30},"end":{"line":23,"column":3}}},"3":{"name":"(anonymous_7)","decl":{"start":{"line":27,"column":2},"end":{"line":27,"column":15}},"loc":{"start":{"line":29,"column":54},"end":{"line":32,"column":3}}},"4":{"name":"(anonymous_8)","decl":{"start":{"line":36,"column":2},"end":{"line":36,"column":16}},"loc":{"start":{"line":36,"column":71},"end":{"line":38,"column":3}}}},"branchMap":{"0":{"loc":{"start":{"line":11,"column":45},"end":{"line":11,"column":60}},"type":"cond-expr","locations":[{"start":{"line":11,"column":57},"end":{"line":11,"column":60}},{"start":{"line":11,"column":57},"end":{"line":11,"column":60}}]},"1":{"loc":{"start":{"line":11,"column":45},"end":{"line":11,"column":57}},"type":"binary-expr","locations":[{"start":{"line":11,"column":45},"end":{"line":11,"column":60}},{"start":{"line":11,"column":45},"end":{"line":11,"column":57}}]}},"s":{"0":0,"1":0,"2":0,"3":0,"4":0,"5":0,"6":0,"7":0,"8":0,"9":0,"10":0,"11":0,"12":0,"13":0,"14":0,"15":0},"f":{"0":0,"1":0,"2":0,"3":0,"4":0},"b":{"0":[0,0],"1":[0,0]}}
,"C:\\Users\\Rahim\\OneDrive\\Desktop\\Track me 1\\track_me_backend\\src\\users\\users.module.ts": {"path":"C:\\Users\\Rahim\\OneDrive\\Desktop\\Track me 1\\track_me_backend\\src\\users\\users.module.ts","statementMap":{"0":{"start":{"line":1,"column":0},"end":{"line":1,"column":40}},"1":{"start":{"line":2,"column":0},"end":{"line":2,"column":53}},"2":{"start":{"line":3,"column":0},"end":{"line":3,"column":47}},"3":{"start":{"line":10,"column":7},"end":{"line":10,"column":null}},"4":{"start":{"line":10,"column":13},"end":{"line":10,"column":24}},"5":{"start":{"line":10,"column":13},"end":{"line":10,"column":null}}},"fnMap":{},"branchMap":{},"s":{"0":0,"1":0,"2":0,"3":0,"4":0,"5":0},"f":{},"b":{}}
,"C:\\Users\\Rahim\\OneDrive\\Desktop\\Track me 1\\track_me_backend\\src\\users\\users.service.ts": {"path":"C:\\Users\\Rahim\\OneDrive\\Desktop\\Track me 1\\track_me_backend\\src\\users\\users.service.ts","statementMap":{"0":{"start":{"line":1,"column":0},"end":{"line":1,"column":44}},"1":{"start":{"line":2,"column":0},"end":{"line":2,"column":57}},"2":{"start":{"line":5,"column":7},"end":{"line":224,"column":null}},"3":{"start":{"line":6,"column":31},"end":{"line":6,"column":39}},"4":{"start":{"line":9,"column":27},"end":{"line":16,"column":6}},"5":{"start":{"line":18,"column":4},"end":{"line":24,"column":5}},"6":{"start":{"line":19,"column":6},"end":{"line":22,"column":9}},"7":{"start":{"line":23,"column":6},"end":{"line":23,"column":52}},"8":{"start":{"line":26,"column":31},"end":{"line":31,"column":5}},"9":{"start":{"line":27,"column":19},"end":{"line":27,"column":34}},"10":{"start":{"line":28,"column":20},"end":{"line":28,"column":61}},"11":{"start":{"line":29,"column":18},"end":{"line":29,"column":54}},"12":{"start":{"line":30,"column":6},"end":{"line":30,"column":39}},"13":{"start":{"line":34,"column":23},"end":{"line":34,"column":53}},"14":{"start":{"line":35,"column":4},"end":{"line":41,"column":5}},"15":{"start":{"line":36,"column":22},"end":{"line":36,"column":58}},"16":{"start":{"line":37,"column":6},"end":{"line":39,"column":7}},"17":{"start":{"line":38,"column":8},"end":{"line":38,"column":36}},"18":{"start":{"line":40,"column":6},"end":{"line":40,"column":41}},"19":{"start":{"line":44,"column":41},"end":{"line":44,"column":45}},"20":{"start":{"line":45,"column":4},"end":{"line":49,"column":5}},"21":{"start":{"line":46,"column":6},"end":{"line":48,"column":7}},"22":{"start":{"line":47,"column":8},"end":{"line":47,"column":40}},"23":{"start":{"line":50,"column":4},"end":{"line":52,"column":5}},"24":{"start":{"line":51,"column":6},"end":{"line":51,"column":37}},"25":{"start":{"line":53,"column":28},"end":{"line":53,"column":65}},"26":{"start":{"line":55,"column":18},"end":{"line":55,"column":28}},"27":{"start":{"line":56,"column":21},"end":{"line":56,"column":46}},"28":{"start":{"line":58,"column":34},"end":{"line":58,"column":36}},"29":{"start":{"line":59,"column":22},"end":{"line":59,"column":32}},"30":{"start":{"line":60,"column":23},"end":{"line":60,"column":52}},"31":{"start":{"line":62,"column":4},"end":{"line":66,"column":5}},"32":{"start":{"line":63,"column":6},"end":{"line":63,"column":37}},"33":{"start":{"line":64,"column":6},"end":{"line":64,"column":49}},"34":{"start":{"line":65,"column":6},"end":{"line":65,"column":51}},"35":{"start":{"line":68,"column":22},"end":{"line":68,"column":74}},"36":{"start":{"line":70,"column":4},"end":{"line":105,"column":5}},"37":{"start":{"line":71,"column":20},"end":{"line":71,"column":38}},"38":{"start":{"line":72,"column":16},"end":{"line":72,"column":38}},"39":{"start":{"line":73,"column":16},"end":{"line":73,"column":42}},"40":{"start":{"line":74,"column":16},"end":{"line":74,"column":38}},"41":{"start":{"line":75,"column":22},"end":{"line":75,"column":49}},"42":{"start":{"line":76,"column":24},"end":{"line":76,"column":40}},"43":{"start":{"line":77,"column":30},"end":{"line":77,"column":65}},"44":{"start":{"line":79,"column":30},"end":{"line":82,"column":8}},"45":{"start":{"line":80,"column":27},"end":{"line":80,"column":58}},"46":{"start":{"line":81,"column":8},"end":{"line":81,"column":70}},"47":{"start":{"line":84,"column":6},"end":{"line":87,"column":7}},"48":{"start":{"line":85,"column":8},"end":{"line":85,"column":42}},"49":{"start":{"line":86,"column":8},"end":{"line":86,"column":17}},"50":{"start":{"line":89,"column":22},"end":{"line":89,"column":51}},"51":{"start":{"line":90,"column":20},"end":{"line":90,"column":24}},"52":{"start":{"line":92,"column":6},"end":{"line":98,"column":7}},"53":{"start":{"line":93,"column":20},"end":{"line":93,"column":59}},"54":{"start":{"line":93,"column":40},"end":{"line":93,"column":58}},"55":{"start":{"line":94,"column":8},"end":{"line":97,"column":9}},"56":{"start":{"line":95,"column":10},"end":{"line":95,"column":26}},"57":{"start":{"line":96,"column":10},"end":{"line":96,"column":16}},"58":{"start":{"line":100,"column":6},"end":{"line":104,"column":7}},"59":{"start":{"line":101,"column":8},"end":{"line":101,"column":42}},"60":{"start":{"line":103,"column":8},"end":{"line":103,"column":42}},"61":{"start":{"line":107,"column":24},"end":{"line":107,"column":25}},"62":{"start":{"line":108,"column":4},"end":{"line":121,"column":5}},"63":{"start":{"line":109,"column":21},"end":{"line":109,"column":43}},"64":{"start":{"line":110,"column":6},"end":{"line":120,"column":7}},"65":{"start":{"line":111,"column":8},"end":{"line":111,"column":24}},"66":{"start":{"line":112,"column":13},"end":{"line":120,"column":7}},"67":{"start":{"line":113,"column":8},"end":{"line":117,"column":9}},"68":{"start":{"line":114,"column":10},"end":{"line":114,"column":19}},"69":{"start":{"line":116,"column":10},"end":{"line":116,"column":16}},"70":{"start":{"line":119,"column":8},"end":{"line":119,"column":17}},"71":{"start":{"line":123,"column":24},"end":{"line":123,"column":25}},"72":{"start":{"line":124,"column":21},"end":{"line":124,"column":22}},"73":{"start":{"line":125,"column":31},"end":{"line":125,"column":57}},"74":{"start":{"line":126,"column":4},"end":{"line":142,"column":5}},"75":{"start":{"line":127,"column":21},"end":{"line":127,"column":43}},"76":{"start":{"line":128,"column":6},"end":{"line":141,"column":7}},"77":{"start":{"line":129,"column":8},"end":{"line":129,"column":21}},"78":{"start":{"line":130,"column":8},"end":{"line":132,"column":9}},"79":{"start":{"line":131,"column":10},"end":{"line":131,"column":37}},"80":{"start":{"line":133,"column":13},"end":{"line":141,"column":7}},"81":{"start":{"line":134,"column":8},"end":{"line":138,"column":9}},"82":{"start":{"line":137,"column":10},"end":{"line":137,"column":25}},"83":{"start":{"line":144,"column":4},"end":{"line":146,"column":5}},"84":{"start":{"line":145,"column":6},"end":{"line":145,"column":36}},"85":{"start":{"line":148,"column":4},"end":{"line":151,"column":7}},"86":{"start":{"line":153,"column":4},"end":{"line":153,"column":44}},"87":{"start":{"line":157,"column":28},"end":{"line":175,"column":6}},"88":{"start":{"line":177,"column":4},"end":{"line":177,"column":27}},"89":{"start":{"line":177,"column":15},"end":{"line":177,"column":27}},"90":{"start":{"line":179,"column":4},"end":{"line":183,"column":6}},"91":{"start":{"line":187,"column":4},"end":{"line":196,"column":7}},"92":{"start":{"line":200,"column":4},"end":{"line":203,"column":7}},"93":{"start":{"line":207,"column":57},"end":{"line":215,"column":6}},"94":{"start":{"line":217,"column":4},"end":{"line":222,"column":6}},"95":{"start":{"line":5,"column":13},"end":{"line":5,"column":25}},"96":{"start":{"line":5,"column":13},"end":{"line":224,"column":null}}},"fnMap":{"0":{"name":"(anonymous_2)","decl":{"start":{"line":6,"column":2},"end":{"line":6,"column":31}},"loc":{"start":{"line":6,"column":52},"end":{"line":6,"column":56}}},"1":{"name":"(anonymous_3)","decl":{"start":{"line":8,"column":2},"end":{"line":8,"column":7}},"loc":{"start":{"line":8,"column":42},"end":{"line":154,"column":3}}},"2":{"name":"(anonymous_4)","decl":{"start":{"line":26,"column":31},"end":{"line":26,"column":32}},"loc":{"start":{"line":26,"column":51},"end":{"line":31,"column":5}}},"3":{"name":"(anonymous_5)","decl":{"start":{"line":79,"column":44},"end":{"line":79,"column":45}},"loc":{"start":{"line":79,"column":50},"end":{"line":82,"column":7}}},"4":{"name":"(anonymous_6)","decl":{"start":{"line":93,"column":33},"end":{"line":93,"column":34}},"loc":{"start":{"line":93,"column":40},"end":{"line":93,"column":58}}},"5":{"name":"(anonymous_7)","decl":{"start":{"line":156,"column":2},"end":{"line":156,"column":7}},"loc":{"start":{"line":156,"column":33},"end":{"line":184,"column":3}}},"6":{"name":"(anonymous_8)","decl":{"start":{"line":186,"column":2},"end":{"line":186,"column":7}},"loc":{"start":{"line":186,"column":81},"end":{"line":197,"column":3}}},"7":{"name":"(anonymous_9)","decl":{"start":{"line":199,"column":2},"end":{"line":199,"column":7}},"loc":{"start":{"line":199,"column":55},"end":{"line":204,"column":3}}},"8":{"name":"(anonymous_10)","decl":{"start":{"line":206,"column":2},"end":{"line":206,"column":7}},"loc":{"start":{"line":206,"column":31},"end":{"line":223,"column":3}}}},"branchMap":{"0":{"loc":{"start":{"line":18,"column":4},"end":{"line":24,"column":5}},"type":"if","locations":[{"start":{"line":18,"column":4},"end":{"line":24,"column":5}},{"start":{},"end":{}}]},"1":{"loc":{"start":{"line":37,"column":6},"end":{"line":39,"column":7}},"type":"if","locations":[{"start":{"line":37,"column":6},"end":{"line":39,"column":7}},{"start":{},"end":{}}]},"2":{"loc":{"start":{"line":46,"column":6},"end":{"line":48,"column":7}},"type":"if","locations":[{"start":{"line":46,"column":6},"end":{"line":48,"column":7}},{"start":{},"end":{}}]},"3":{"loc":{"start":{"line":46,"column":10},"end":{"line":46,"column":63}},"type":"binary-expr","locations":[{"start":{"line":46,"column":10},"end":{"line":46,"column":28}},{"start":{"line":46,"column":32},"end":{"line":46,"column":63}}]},"4":{"loc":{"start":{"line":50,"column":4},"end":{"line":52,"column":5}},"type":"if","locations":[{"start":{"line":50,"column":4},"end":{"line":52,"column":5}},{"start":{},"end":{}}]},"5":{"loc":{"start":{"line":77,"column":30},"end":{"line":77,"column":65}},"type":"cond-expr","locations":[{"start":{"line":77,"column":48},"end":{"line":77,"column":49}},{"start":{"line":77,"column":52},"end":{"line":77,"column":65}}]},"6":{"loc":{"start":{"line":81,"column":15},"end":{"line":81,"column":69}},"type":"binary-expr","locations":[{"start":{"line":81,"column":15},"end":{"line":81,"column":44}},{"start":{"line":81,"column":48},"end":{"line":81,"column":69}}]},"7":{"loc":{"start":{"line":84,"column":6},"end":{"line":87,"column":7}},"type":"if","locations":[{"start":{"line":84,"column":6},"end":{"line":87,"column":7}},{"start":{},"end":{}}]},"8":{"loc":{"start":{"line":89,"column":22},"end":{"line":89,"column":51}},"type":"binary-expr","locations":[{"start":{"line":89,"column":22},"end":{"line":89,"column":45}},{"start":{"line":89,"column":49},"end":{"line":89,"column":51}}]},"9":{"loc":{"start":{"line":94,"column":8},"end":{"line":97,"column":9}},"type":"if","locations":[{"start":{"line":94,"column":8},"end":{"line":97,"column":9}},{"start":{},"end":{}}]},"10":{"loc":{"start":{"line":100,"column":6},"end":{"line":104,"column":7}},"type":"if","locations":[{"start":{"line":100,"column":6},"end":{"line":104,"column":7}},{"start":{"line":102,"column":13},"end":{"line":104,"column":7}}]},"11":{"loc":{"start":{"line":110,"column":6},"end":{"line":120,"column":7}},"type":"if","locations":[{"start":{"line":110,"column":6},"end":{"line":120,"column":7}},{"start":{"line":112,"column":13},"end":{"line":120,"column":7}}]},"12":{"loc":{"start":{"line":112,"column":13},"end":{"line":120,"column":7}},"type":"if","locations":[{"start":{"line":112,"column":13},"end":{"line":120,"column":7}},{"start":{"line":118,"column":13},"end":{"line":120,"column":7}}]},"13":{"loc":{"start":{"line":113,"column":8},"end":{"line":117,"column":9}},"type":"if","locations":[{"start":{"line":113,"column":8},"end":{"line":117,"column":9}},{"start":{"line":115,"column":15},"end":{"line":117,"column":9}}]},"14":{"loc":{"start":{"line":128,"column":6},"end":{"line":141,"column":7}},"type":"if","locations":[{"start":{"line":128,"column":6},"end":{"line":141,"column":7}},{"start":{"line":133,"column":13},"end":{"line":141,"column":7}}]},"15":{"loc":{"start":{"line":130,"column":8},"end":{"line":132,"column":9}},"type":"if","locations":[{"start":{"line":130,"column":8},"end":{"line":132,"column":9}},{"start":{},"end":{}}]},"16":{"loc":{"start":{"line":133,"column":13},"end":{"line":141,"column":7}},"type":"if","locations":[{"start":{"line":133,"column":13},"end":{"line":141,"column":7}},{"start":{"line":139,"column":13},"end":{"line":141,"column":7}}]},"17":{"loc":{"start":{"line":134,"column":8},"end":{"line":138,"column":9}},"type":"if","locations":[{"start":{"line":134,"column":8},"end":{"line":138,"column":9}},{"start":{"line":136,"column":15},"end":{"line":138,"column":9}}]},"18":{"loc":{"start":{"line":144,"column":4},"end":{"line":146,"column":5}},"type":"if","locations":[{"start":{"line":144,"column":4},"end":{"line":146,"column":5}},{"start":{},"end":{}}]},"19":{"loc":{"start":{"line":177,"column":4},"end":{"line":177,"column":27}},"type":"if","locations":[{"start":{"line":177,"column":4},"end":{"line":177,"column":27}},{"start":{},"end":{}}]},"20":{"loc":{"start":{"line":6,"column":39},"end":{"line":6,"column":55}},"type":"cond-expr","locations":[{"start":{"line":6,"column":52},"end":{"line":6,"column":55}},{"start":{"line":6,"column":52},"end":{"line":6,"column":55}}]},"21":{"loc":{"start":{"line":6,"column":39},"end":{"line":6,"column":52}},"type":"binary-expr","locations":[{"start":{"line":6,"column":39},"end":{"line":6,"column":55}},{"start":{"line":6,"column":39},"end":{"line":6,"column":52}}]}},"s":{"0":0,"1":0,"2":0,"3":0,"4":0,"5":0,"6":0,"7":0,"8":0,"9":0,"10":0,"11":0,"12":0,"13":0,"14":0,"15":0,"16":0,"17":0,"18":0,"19":0,"20":0,"21":0,"22":0,"23":0,"24":0,"25":0,"26":0,"27":0,"28":0,"29":0,"30":0,"31":0,"32":0,"33":0,"34":0,"35":0,"36":0,"37":0,"38":0,"39":0,"40":0,"41":0,"42":0,"43":0,"44":0,"45":0,"46":0,"47":0,"48":0,"49":0,"50":0,"51":0,"52":0,"53":0,"54":0,"55":0,"56":0,"57":0,"58":0,"59":0,"60":0,"61":0,"62":0,"63":0,"64":0,"65":0,"66":0,"67":0,"68":0,"69":0,"70":0,"71":0,"72":0,"73":0,"74":0,"75":0,"76":0,"77":0,"78":0,"79":0,"80":0,"81":0,"82":0,"83":0,"84":0,"85":0,"86":0,"87":0,"88":0,"89":0,"90":0,"91":0,"92":0,"93":0,"94":0,"95":0,"96":0},"f":{"0":0,"1":0,"2":0,"3":0,"4":0,"5":0,"6":0,"7":0,"8":0},"b":{"0":[0,0],"1":[0,0],"2":[0,0],"3":[0,0],"4":[0,0],"5":[0,0],"6":[0,0],"7":[0,0],"8":[0,0],"9":[0,0],"10":[0,0],"11":[0,0],"12":[0,0],"13":[0,0],"14":[0,0],"15":[0,0],"16":[0,0],"17":[0,0],"18":[0,0],"19":[0,0],"20":[0,0],"21":[0,0]}}
}
